Setting up a new session...
----------------- Options ---------------
               batch_size: 1                             
                    beta1: 0.5                           
          checkpoints_dir: ./checkpoints                 
           continue_train: False                         
                crop_size: 640                           	[default: 256]
                 dataroot: /home/ycren/python/EVUP_part  	[default: None]
             dataset_mode: unaligned                     
                direction: AtoB                          
              display_env: main                          
             display_freq: 400                           
               display_id: 1                             
            display_ncols: 4                             
             display_port: 8097                          
           display_server: http://localhost              
          display_winsize: 256                           
                    epoch: latest                        
              epoch_count: 1                             
                 gan_mode: lsgan                         
                  gpu_ids: 0                             
                init_gain: 0.02                          
                init_type: normal                        
                 input_nc: 3                             
                  isTrain: True                          	[default: None]
                 lambda_A: 10.0                          
                 lambda_B: 10.0                          
          lambda_identity: 0.5                           
                load_iter: 0                             	[default: 0]
                load_size: 640                           	[default: 286]
                       lr: 0.0002                        
           lr_decay_iters: 50                            
                lr_policy: linear                        
         max_dataset_size: inf                           
                    model: cycle_gan                     
                 n_epochs: 100                           
           n_epochs_decay: 100                           
               n_layers_D: 3                             
                     name: resnet_9blocks_cyclegan       	[default: experiment_name]
                      ndf: 64                            
                     netD: basic                         
                     netG: resnet_9blocks                
                      ngf: 64                            
               no_dropout: True                          
                  no_flip: False                         
                  no_html: True                          	[default: False]
                     norm: instance                      
              num_threads: 4                             
                output_nc: 3                             
                    phase: train                         
                pool_size: 50                            
               preprocess: resize_and_crop               
               print_freq: 100                           
             save_by_iter: False                         
          save_epoch_freq: 5                             
         save_latest_freq: 5000                          
           serial_batches: False                         
                   suffix:                               
         update_html_freq: 1000                          
                use_wandb: False                         
                  verbose: False                         
       wandb_project_name: CycleGAN-and-pix2pix          
----------------- End -------------------
dataset [UnalignedDataset] was created
The number of training images = 60
initialize network with normal
initialize network with normal
initialize network with normal
initialize network with normal
model [CycleGANModel] was created
---------- Networks initialized -------------
[Network G_A] Total number of parameters : 11.378 M
[Network G_B] Total number of parameters : 11.378 M
[Network D_A] Total number of parameters : 2.765 M
[Network D_B] Total number of parameters : 2.765 M
-----------------------------------------------
learning rate 0.0002000 -> 0.0002000
/home/ycren/miniconda3/envs/pytorch-CycleGAN-and-pix2pix/lib/python3.8/site-packages/torch/optim/lr_scheduler.py:216: UserWarning: Detected call of `lr_scheduler.step()` before `optimizer.step()`. In PyTorch 1.1.0 and later, you should call them in the opposite order: `optimizer.step()` before `lr_scheduler.step()`.  Failure to do this will result in PyTorch skipping the first value of the learning rate schedule. See more details at https://pytorch.org/docs/stable/optim.html#how-to-adjust-learning-rate
  warnings.warn(
End of epoch 1 / 200 	 Time Taken: 181 sec
learning rate 0.0002000 -> 0.0002000
(epoch: 2, iters: 40, time: 3.118, data: 0.122) D_A: 0.326 G_A: 0.405 cycle_A: 3.599 idt_A: 1.448 D_B: 0.281 G_B: 0.283 cycle_B: 3.235 idt_B: 1.771 
End of epoch 2 / 200 	 Time Taken: 152 sec
learning rate 0.0002000 -> 0.0002000
End of epoch 3 / 200 	 Time Taken: 152 sec
learning rate 0.0002000 -> 0.0002000
(epoch: 4, iters: 20, time: 3.121, data: 0.002) D_A: 0.250 G_A: 0.297 cycle_A: 1.530 idt_A: 1.946 D_B: 0.208 G_B: 0.377 cycle_B: 3.659 idt_B: 0.701 
End of epoch 4 / 200 	 Time Taken: 152 sec
learning rate 0.0002000 -> 0.0002000
(epoch: 5, iters: 60, time: 3.112, data: 0.001) D_A: 0.224 G_A: 0.357 cycle_A: 1.753 idt_A: 0.729 D_B: 0.261 G_B: 0.278 cycle_B: 2.145 idt_B: 0.827 
saving the model at the end of epoch 5, iters 300
End of epoch 5 / 200 	 Time Taken: 152 sec
learning rate 0.0002000 -> 0.0002000
End of epoch 6 / 200 	 Time Taken: 151 sec
learning rate 0.0002000 -> 0.0002000
(epoch: 7, iters: 40, time: 3.691, data: 0.107) D_A: 0.279 G_A: 0.391 cycle_A: 1.752 idt_A: 1.911 D_B: 0.242 G_B: 0.252 cycle_B: 3.913 idt_B: 0.808 
End of epoch 7 / 200 	 Time Taken: 152 sec
learning rate 0.0002000 -> 0.0002000
End of epoch 8 / 200 	 Time Taken: 152 sec
learning rate 0.0002000 -> 0.0002000
(epoch: 9, iters: 20, time: 3.114, data: 0.001) D_A: 0.517 G_A: 0.593 cycle_A: 4.573 idt_A: 0.834 D_B: 0.312 G_B: 0.320 cycle_B: 1.908 idt_B: 2.197 
End of epoch 9 / 200 	 Time Taken: 152 sec
learning rate 0.0002000 -> 0.0002000
(epoch: 10, iters: 60, time: 3.116, data: 0.002) D_A: 0.251 G_A: 0.433 cycle_A: 1.953 idt_A: 0.795 D_B: 0.269 G_B: 0.395 cycle_B: 1.891 idt_B: 0.936 
saving the model at the end of epoch 10, iters 600
End of epoch 10 / 200 	 Time Taken: 153 sec
learning rate 0.0002000 -> 0.0002000
End of epoch 11 / 200 	 Time Taken: 151 sec
learning rate 0.0002000 -> 0.0002000
(epoch: 12, iters: 40, time: 3.117, data: 0.119) D_A: 0.206 G_A: 0.451 cycle_A: 2.016 idt_A: 0.935 D_B: 0.283 G_B: 0.515 cycle_B: 2.199 idt_B: 0.917 
End of epoch 12 / 200 	 Time Taken: 152 sec
learning rate 0.0002000 -> 0.0002000
End of epoch 13 / 200 	 Time Taken: 152 sec
learning rate 0.0002000 -> 0.0002000
(epoch: 14, iters: 20, time: 3.701, data: 0.001) D_A: 0.128 G_A: 0.289 cycle_A: 1.445 idt_A: 2.845 D_B: 0.275 G_B: 0.388 cycle_B: 5.035 idt_B: 0.700 
End of epoch 14 / 200 	 Time Taken: 152 sec
learning rate 0.0002000 -> 0.0002000
(epoch: 15, iters: 60, time: 3.116, data: 0.001) D_A: 0.406 G_A: 0.098 cycle_A: 2.375 idt_A: 0.855 D_B: 0.208 G_B: 0.709 cycle_B: 1.888 idt_B: 0.969 
saving the model at the end of epoch 15, iters 900
End of epoch 15 / 200 	 Time Taken: 153 sec
learning rate 0.0002000 -> 0.0002000
End of epoch 16 / 200 	 Time Taken: 151 sec
learning rate 0.0002000 -> 0.0002000
(epoch: 17, iters: 40, time: 3.118, data: 0.100) D_A: 0.248 G_A: 0.394 cycle_A: 1.716 idt_A: 0.848 D_B: 0.567 G_B: 0.508 cycle_B: 1.954 idt_B: 0.853 
End of epoch 17 / 200 	 Time Taken: 152 sec
learning rate 0.0002000 -> 0.0002000
End of epoch 18 / 200 	 Time Taken: 152 sec
learning rate 0.0002000 -> 0.0002000
(epoch: 19, iters: 20, time: 3.114, data: 0.001) D_A: 0.279 G_A: 0.406 cycle_A: 2.501 idt_A: 0.963 D_B: 0.332 G_B: 0.306 cycle_B: 2.167 idt_B: 1.188 
End of epoch 19 / 200 	 Time Taken: 152 sec
learning rate 0.0002000 -> 0.0002000
(epoch: 20, iters: 60, time: 3.732, data: 0.002) D_A: 0.387 G_A: 0.427 cycle_A: 1.501 idt_A: 1.541 D_B: 0.200 G_B: 0.394 cycle_B: 3.278 idt_B: 0.694 
saving the model at the end of epoch 20, iters 1200
End of epoch 20 / 200 	 Time Taken: 153 sec
learning rate 0.0002000 -> 0.0002000
End of epoch 21 / 200 	 Time Taken: 151 sec
learning rate 0.0002000 -> 0.0002000
(epoch: 22, iters: 40, time: 3.117, data: 0.095) D_A: 0.393 G_A: 0.315 cycle_A: 1.377 idt_A: 0.855 D_B: 0.226 G_B: 0.363 cycle_B: 2.574 idt_B: 0.591 
End of epoch 22 / 200 	 Time Taken: 152 sec
learning rate 0.0002000 -> 0.0002000
End of epoch 23 / 200 	 Time Taken: 152 sec
learning rate 0.0002000 -> 0.0002000
(epoch: 24, iters: 20, time: 3.116, data: 0.002) D_A: 0.396 G_A: 0.582 cycle_A: 1.795 idt_A: 0.775 D_B: 0.219 G_B: 0.255 cycle_B: 1.610 idt_B: 0.800 
End of epoch 24 / 200 	 Time Taken: 152 sec
learning rate 0.0002000 -> 0.0002000
(epoch: 25, iters: 60, time: 3.114, data: 0.002) D_A: 0.089 G_A: 0.650 cycle_A: 1.473 idt_A: 1.128 D_B: 0.157 G_B: 0.470 cycle_B: 2.264 idt_B: 0.633 
saving the model at the end of epoch 25, iters 1500
End of epoch 25 / 200 	 Time Taken: 152 sec
learning rate 0.0002000 -> 0.0002000
End of epoch 26 / 200 	 Time Taken: 151 sec
learning rate 0.0002000 -> 0.0002000
(epoch: 27, iters: 40, time: 3.757, data: 0.105) D_A: 0.338 G_A: 0.597 cycle_A: 1.358 idt_A: 0.769 D_B: 0.257 G_B: 0.256 cycle_B: 1.747 idt_B: 0.584 
End of epoch 27 / 200 	 Time Taken: 152 sec
learning rate 0.0002000 -> 0.0002000
End of epoch 28 / 200 	 Time Taken: 152 sec
learning rate 0.0002000 -> 0.0002000
(epoch: 29, iters: 20, time: 3.116, data: 0.001) D_A: 0.209 G_A: 0.460 cycle_A: 1.167 idt_A: 0.730 D_B: 0.279 G_B: 0.153 cycle_B: 1.402 idt_B: 0.567 
End of epoch 29 / 200 	 Time Taken: 152 sec
learning rate 0.0002000 -> 0.0002000
(epoch: 30, iters: 60, time: 3.113, data: 0.002) D_A: 0.359 G_A: 0.343 cycle_A: 1.891 idt_A: 0.759 D_B: 0.181 G_B: 0.332 cycle_B: 1.469 idt_B: 0.959 
saving the model at the end of epoch 30, iters 1800
End of epoch 30 / 200 	 Time Taken: 153 sec
learning rate 0.0002000 -> 0.0002000
End of epoch 31 / 200 	 Time Taken: 151 sec
learning rate 0.0002000 -> 0.0002000
(epoch: 32, iters: 40, time: 3.111, data: 0.112) D_A: 0.080 G_A: 0.549 cycle_A: 3.609 idt_A: 0.751 D_B: 0.292 G_B: 0.525 cycle_B: 1.609 idt_B: 1.081 
End of epoch 32 / 200 	 Time Taken: 152 sec
learning rate 0.0002000 -> 0.0002000
End of epoch 33 / 200 	 Time Taken: 152 sec
learning rate 0.0002000 -> 0.0002000
(epoch: 34, iters: 20, time: 3.790, data: 0.002) D_A: 0.151 G_A: 0.441 cycle_A: 1.659 idt_A: 1.120 D_B: 0.237 G_B: 0.239 cycle_B: 2.211 idt_B: 0.819 
End of epoch 34 / 200 	 Time Taken: 152 sec
learning rate 0.0002000 -> 0.0002000
(epoch: 35, iters: 60, time: 3.116, data: 0.001) D_A: 0.354 G_A: 0.465 cycle_A: 1.770 idt_A: 0.702 D_B: 0.241 G_B: 0.259 cycle_B: 1.389 idt_B: 0.912 
saving the model at the end of epoch 35, iters 2100
End of epoch 35 / 200 	 Time Taken: 152 sec
learning rate 0.0002000 -> 0.0002000
End of epoch 36 / 200 	 Time Taken: 151 sec
learning rate 0.0002000 -> 0.0002000
(epoch: 37, iters: 40, time: 3.116, data: 0.130) D_A: 0.128 G_A: 0.461 cycle_A: 1.375 idt_A: 1.092 D_B: 0.091 G_B: 0.372 cycle_B: 2.231 idt_B: 0.651 
End of epoch 37 / 200 	 Time Taken: 152 sec
learning rate 0.0002000 -> 0.0002000
End of epoch 38 / 200 	 Time Taken: 151 sec
learning rate 0.0002000 -> 0.0002000
(epoch: 39, iters: 20, time: 3.116, data: 0.002) D_A: 0.135 G_A: 0.506 cycle_A: 1.166 idt_A: 1.006 D_B: 0.176 G_B: 0.457 cycle_B: 2.748 idt_B: 0.610 
End of epoch 39 / 200 	 Time Taken: 151 sec
learning rate 0.0002000 -> 0.0002000
(epoch: 40, iters: 60, time: 3.732, data: 0.001) D_A: 0.280 G_A: 0.152 cycle_A: 1.512 idt_A: 1.184 D_B: 0.244 G_B: 0.406 cycle_B: 2.338 idt_B: 0.669 
saving the model at the end of epoch 40, iters 2400
End of epoch 40 / 200 	 Time Taken: 153 sec
learning rate 0.0002000 -> 0.0002000
End of epoch 41 / 200 	 Time Taken: 151 sec
learning rate 0.0002000 -> 0.0002000
(epoch: 42, iters: 40, time: 3.114, data: 0.108) D_A: 0.291 G_A: 0.507 cycle_A: 1.902 idt_A: 0.888 D_B: 0.309 G_B: 0.208 cycle_B: 1.940 idt_B: 0.774 
End of epoch 42 / 200 	 Time Taken: 152 sec
learning rate 0.0002000 -> 0.0002000
End of epoch 43 / 200 	 Time Taken: 152 sec
learning rate 0.0002000 -> 0.0002000
(epoch: 44, iters: 20, time: 3.119, data: 0.002) D_A: 0.196 G_A: 0.611 cycle_A: 0.947 idt_A: 0.670 D_B: 0.292 G_B: 0.255 cycle_B: 1.586 idt_B: 0.410 
End of epoch 44 / 200 	 Time Taken: 152 sec
learning rate 0.0002000 -> 0.0002000
(epoch: 45, iters: 60, time: 3.116, data: 0.001) D_A: 0.269 G_A: 0.079 cycle_A: 1.017 idt_A: 0.738 D_B: 0.208 G_B: 0.268 cycle_B: 1.965 idt_B: 0.462 
saving the model at the end of epoch 45, iters 2700
End of epoch 45 / 200 	 Time Taken: 152 sec
learning rate 0.0002000 -> 0.0002000
End of epoch 46 / 200 	 Time Taken: 151 sec
learning rate 0.0002000 -> 0.0002000
(epoch: 47, iters: 40, time: 3.822, data: 0.107) D_A: 0.313 G_A: 0.376 cycle_A: 2.112 idt_A: 0.665 D_B: 0.289 G_B: 0.675 cycle_B: 1.517 idt_B: 0.984 
End of epoch 47 / 200 	 Time Taken: 152 sec
learning rate 0.0002000 -> 0.0002000
End of epoch 48 / 200 	 Time Taken: 152 sec
learning rate 0.0002000 -> 0.0002000
(epoch: 49, iters: 20, time: 3.116, data: 0.001) D_A: 0.191 G_A: 0.528 cycle_A: 0.957 idt_A: 0.519 D_B: 0.185 G_B: 0.404 cycle_B: 1.331 idt_B: 0.479 
End of epoch 49 / 200 	 Time Taken: 152 sec
learning rate 0.0002000 -> 0.0002000
(epoch: 50, iters: 60, time: 3.114, data: 0.001) D_A: 0.189 G_A: 0.487 cycle_A: 1.530 idt_A: 0.536 D_B: 0.211 G_B: 0.643 cycle_B: 1.303 idt_B: 0.632 
saving the model at the end of epoch 50, iters 3000
End of epoch 50 / 200 	 Time Taken: 153 sec
learning rate 0.0002000 -> 0.0002000
End of epoch 51 / 200 	 Time Taken: 151 sec
learning rate 0.0002000 -> 0.0002000
(epoch: 52, iters: 40, time: 3.112, data: 0.105) D_A: 0.298 G_A: 0.294 cycle_A: 1.779 idt_A: 0.980 D_B: 0.117 G_B: 0.532 cycle_B: 2.064 idt_B: 0.759 
End of epoch 52 / 200 	 Time Taken: 152 sec
learning rate 0.0002000 -> 0.0002000
End of epoch 53 / 200 	 Time Taken: 152 sec
learning rate 0.0002000 -> 0.0002000
(epoch: 54, iters: 20, time: 3.720, data: 0.001) D_A: 0.289 G_A: 0.949 cycle_A: 1.868 idt_A: 0.642 D_B: 0.181 G_B: 0.274 cycle_B: 1.377 idt_B: 0.796 
End of epoch 54 / 200 	 Time Taken: 152 sec
learning rate 0.0002000 -> 0.0002000
(epoch: 55, iters: 60, time: 3.110, data: 0.001) D_A: 0.333 G_A: 0.710 cycle_A: 2.236 idt_A: 0.831 D_B: 0.293 G_B: 0.597 cycle_B: 1.969 idt_B: 0.865 
saving the model at the end of epoch 55, iters 3300
End of epoch 55 / 200 	 Time Taken: 152 sec
learning rate 0.0002000 -> 0.0002000
End of epoch 56 / 200 	 Time Taken: 151 sec
learning rate 0.0002000 -> 0.0002000
(epoch: 57, iters: 40, time: 3.115, data: 0.122) D_A: 0.159 G_A: 0.265 cycle_A: 1.254 idt_A: 1.039 D_B: 0.230 G_B: 0.417 cycle_B: 2.155 idt_B: 0.534 
End of epoch 57 / 200 	 Time Taken: 152 sec
learning rate 0.0002000 -> 0.0002000
End of epoch 58 / 200 	 Time Taken: 152 sec
learning rate 0.0002000 -> 0.0002000
(epoch: 59, iters: 20, time: 3.116, data: 0.002) D_A: 0.241 G_A: 0.412 cycle_A: 1.388 idt_A: 0.677 D_B: 0.103 G_B: 0.521 cycle_B: 1.421 idt_B: 0.554 
End of epoch 59 / 200 	 Time Taken: 152 sec
learning rate 0.0002000 -> 0.0002000
(epoch: 60, iters: 60, time: 3.793, data: 0.001) D_A: 0.277 G_A: 0.658 cycle_A: 0.965 idt_A: 0.858 D_B: 0.269 G_B: 0.294 cycle_B: 1.875 idt_B: 0.356 
saving the model at the end of epoch 60, iters 3600
End of epoch 60 / 200 	 Time Taken: 153 sec
learning rate 0.0002000 -> 0.0002000
End of epoch 61 / 200 	 Time Taken: 151 sec
learning rate 0.0002000 -> 0.0002000
(epoch: 62, iters: 40, time: 3.113, data: 0.092) D_A: 0.226 G_A: 0.341 cycle_A: 1.738 idt_A: 0.422 D_B: 0.302 G_B: 0.283 cycle_B: 0.955 idt_B: 0.932 
End of epoch 62 / 200 	 Time Taken: 152 sec
learning rate 0.0002000 -> 0.0002000
End of epoch 63 / 200 	 Time Taken: 152 sec
learning rate 0.0002000 -> 0.0002000
(epoch: 64, iters: 20, time: 3.114, data: 0.002) D_A: 0.143 G_A: 0.507 cycle_A: 0.874 idt_A: 0.979 D_B: 0.303 G_B: 0.163 cycle_B: 1.427 idt_B: 0.467 
End of epoch 64 / 200 	 Time Taken: 152 sec
learning rate 0.0002000 -> 0.0002000
(epoch: 65, iters: 60, time: 3.120, data: 0.002) D_A: 0.270 G_A: 0.125 cycle_A: 1.145 idt_A: 0.857 D_B: 0.289 G_B: 0.359 cycle_B: 1.646 idt_B: 0.485 
saving the model at the end of epoch 65, iters 3900
End of epoch 65 / 200 	 Time Taken: 153 sec
learning rate 0.0002000 -> 0.0002000
End of epoch 66 / 200 	 Time Taken: 151 sec
learning rate 0.0002000 -> 0.0002000
(epoch: 67, iters: 40, time: 3.813, data: 0.098) D_A: 0.248 G_A: 0.419 cycle_A: 0.780 idt_A: 0.486 D_B: 0.230 G_B: 0.381 cycle_B: 1.101 idt_B: 0.385 
End of epoch 67 / 200 	 Time Taken: 152 sec
learning rate 0.0002000 -> 0.0002000
End of epoch 68 / 200 	 Time Taken: 152 sec
learning rate 0.0002000 -> 0.0002000
(epoch: 69, iters: 20, time: 3.116, data: 0.001) D_A: 0.330 G_A: 0.451 cycle_A: 0.914 idt_A: 0.755 D_B: 0.244 G_B: 0.679 cycle_B: 1.672 idt_B: 0.425 
End of epoch 69 / 200 	 Time Taken: 152 sec
learning rate 0.0002000 -> 0.0002000
(epoch: 70, iters: 60, time: 3.113, data: 0.001) D_A: 0.165 G_A: 0.323 cycle_A: 0.890 idt_A: 0.666 D_B: 0.280 G_B: 0.244 cycle_B: 1.329 idt_B: 0.482 
saving the model at the end of epoch 70, iters 4200
End of epoch 70 / 200 	 Time Taken: 153 sec
learning rate 0.0002000 -> 0.0002000
End of epoch 71 / 200 	 Time Taken: 151 sec
learning rate 0.0002000 -> 0.0002000
(epoch: 72, iters: 40, time: 3.114, data: 0.137) D_A: 0.265 G_A: 0.221 cycle_A: 1.300 idt_A: 0.481 D_B: 0.315 G_B: 0.152 cycle_B: 0.989 idt_B: 0.633 
End of epoch 72 / 200 	 Time Taken: 152 sec
learning rate 0.0002000 -> 0.0002000
End of epoch 73 / 200 	 Time Taken: 152 sec
learning rate 0.0002000 -> 0.0002000
(epoch: 74, iters: 20, time: 3.930, data: 0.002) D_A: 0.269 G_A: 0.076 cycle_A: 1.895 idt_A: 0.647 D_B: 0.350 G_B: 0.423 cycle_B: 1.425 idt_B: 0.996 
End of epoch 74 / 200 	 Time Taken: 152 sec
learning rate 0.0002000 -> 0.0002000
(epoch: 75, iters: 60, time: 3.116, data: 0.001) D_A: 0.121 G_A: 0.509 cycle_A: 1.390 idt_A: 0.537 D_B: 0.250 G_B: 0.208 cycle_B: 0.872 idt_B: 0.634 
saving the model at the end of epoch 75, iters 4500
End of epoch 75 / 200 	 Time Taken: 153 sec
learning rate 0.0002000 -> 0.0002000
End of epoch 76 / 200 	 Time Taken: 151 sec
learning rate 0.0002000 -> 0.0002000
(epoch: 77, iters: 40, time: 3.114, data: 0.110) D_A: 0.233 G_A: 0.228 cycle_A: 1.189 idt_A: 0.517 D_B: 0.267 G_B: 0.209 cycle_B: 1.148 idt_B: 0.489 
End of epoch 77 / 200 	 Time Taken: 152 sec
learning rate 0.0002000 -> 0.0002000
End of epoch 78 / 200 	 Time Taken: 152 sec
learning rate 0.0002000 -> 0.0002000
(epoch: 79, iters: 20, time: 3.117, data: 0.001) D_A: 0.195 G_A: 0.579 cycle_A: 1.194 idt_A: 0.573 D_B: 0.123 G_B: 0.318 cycle_B: 1.444 idt_B: 0.377 
End of epoch 79 / 200 	 Time Taken: 152 sec
learning rate 0.0002000 -> 0.0002000
(epoch: 80, iters: 60, time: 3.813, data: 0.001) D_A: 0.265 G_A: 0.476 cycle_A: 1.933 idt_A: 0.595 D_B: 0.352 G_B: 0.299 cycle_B: 1.148 idt_B: 0.821 
saving the model at the end of epoch 80, iters 4800
End of epoch 80 / 200 	 Time Taken: 153 sec
learning rate 0.0002000 -> 0.0002000
End of epoch 81 / 200 	 Time Taken: 151 sec
learning rate 0.0002000 -> 0.0002000
(epoch: 82, iters: 40, time: 3.117, data: 0.116) D_A: 0.169 G_A: 0.128 cycle_A: 0.856 idt_A: 0.606 D_B: 0.297 G_B: 0.196 cycle_B: 1.327 idt_B: 0.317 
End of epoch 82 / 200 	 Time Taken: 152 sec
learning rate 0.0002000 -> 0.0002000
End of epoch 83 / 200 	 Time Taken: 152 sec
learning rate 0.0002000 -> 0.0002000
(epoch: 84, iters: 20, time: 3.112, data: 0.002) D_A: 0.165 G_A: 0.232 cycle_A: 1.630 idt_A: 0.474 D_B: 0.245 G_B: 0.227 cycle_B: 1.201 idt_B: 0.677 
saving the latest model (epoch 84, total_iters 5000)
End of epoch 84 / 200 	 Time Taken: 152 sec
learning rate 0.0002000 -> 0.0002000
(epoch: 85, iters: 60, time: 3.114, data: 0.002) D_A: 0.305 G_A: 0.530 cycle_A: 1.000 idt_A: 0.591 D_B: 0.214 G_B: 0.287 cycle_B: 1.189 idt_B: 0.476 
saving the model at the end of epoch 85, iters 5100
End of epoch 85 / 200 	 Time Taken: 153 sec
learning rate 0.0002000 -> 0.0002000
End of epoch 86 / 200 	 Time Taken: 151 sec
learning rate 0.0002000 -> 0.0002000
(epoch: 87, iters: 40, time: 3.841, data: 0.089) D_A: 0.228 G_A: 0.497 cycle_A: 0.708 idt_A: 0.416 D_B: 0.183 G_B: 0.228 cycle_B: 1.112 idt_B: 0.315 
End of epoch 87 / 200 	 Time Taken: 152 sec
learning rate 0.0002000 -> 0.0002000
End of epoch 88 / 200 	 Time Taken: 152 sec
learning rate 0.0002000 -> 0.0002000
(epoch: 89, iters: 20, time: 3.114, data: 0.001) D_A: 0.211 G_A: 0.294 cycle_A: 1.550 idt_A: 0.924 D_B: 0.303 G_B: 0.279 cycle_B: 2.512 idt_B: 0.730 
End of epoch 89 / 200 	 Time Taken: 152 sec
learning rate 0.0002000 -> 0.0002000
(epoch: 90, iters: 60, time: 3.118, data: 0.001) D_A: 0.339 G_A: 0.210 cycle_A: 0.643 idt_A: 0.491 D_B: 0.236 G_B: 0.230 cycle_B: 1.140 idt_B: 0.290 
saving the model at the end of epoch 90, iters 5400
End of epoch 90 / 200 	 Time Taken: 152 sec
learning rate 0.0002000 -> 0.0002000
End of epoch 91 / 200 	 Time Taken: 151 sec
learning rate 0.0002000 -> 0.0002000
(epoch: 92, iters: 40, time: 3.113, data: 0.113) D_A: 0.207 G_A: 0.917 cycle_A: 0.855 idt_A: 2.079 D_B: 0.231 G_B: 0.331 cycle_B: 3.428 idt_B: 0.372 
End of epoch 92 / 200 	 Time Taken: 152 sec
learning rate 0.0002000 -> 0.0002000
End of epoch 93 / 200 	 Time Taken: 152 sec
learning rate 0.0002000 -> 0.0002000
(epoch: 94, iters: 20, time: 3.950, data: 0.002) D_A: 0.228 G_A: 0.296 cycle_A: 1.019 idt_A: 0.432 D_B: 0.313 G_B: 0.546 cycle_B: 1.101 idt_B: 0.470 
End of epoch 94 / 200 	 Time Taken: 152 sec
learning rate 0.0002000 -> 0.0002000
(epoch: 95, iters: 60, time: 3.113, data: 0.001) D_A: 0.162 G_A: 0.418 cycle_A: 0.812 idt_A: 0.455 D_B: 0.189 G_B: 0.711 cycle_B: 1.025 idt_B: 0.350 
saving the model at the end of epoch 95, iters 5700
End of epoch 95 / 200 	 Time Taken: 153 sec
learning rate 0.0002000 -> 0.0002000
End of epoch 96 / 200 	 Time Taken: 151 sec
learning rate 0.0002000 -> 0.0002000
(epoch: 97, iters: 40, time: 3.116, data: 0.094) D_A: 0.263 G_A: 0.179 cycle_A: 0.856 idt_A: 0.392 D_B: 0.244 G_B: 0.464 cycle_B: 1.021 idt_B: 0.411 
End of epoch 97 / 200 	 Time Taken: 152 sec
learning rate 0.0002000 -> 0.0002000
End of epoch 98 / 200 	 Time Taken: 152 sec
learning rate 0.0002000 -> 0.0002000
(epoch: 99, iters: 20, time: 3.117, data: 0.002) D_A: 0.162 G_A: 0.283 cycle_A: 0.677 idt_A: 0.401 D_B: 0.336 G_B: 0.299 cycle_B: 0.958 idt_B: 0.301 
End of epoch 99 / 200 	 Time Taken: 152 sec
learning rate 0.0002000 -> 0.0001980
(epoch: 100, iters: 60, time: 3.903, data: 0.002) D_A: 0.268 G_A: 0.468 cycle_A: 1.184 idt_A: 0.536 D_B: 0.305 G_B: 0.167 cycle_B: 0.918 idt_B: 0.416 
saving the model at the end of epoch 100, iters 6000
End of epoch 100 / 200 	 Time Taken: 153 sec
learning rate 0.0001980 -> 0.0001960
End of epoch 101 / 200 	 Time Taken: 151 sec
learning rate 0.0001960 -> 0.0001941
(epoch: 102, iters: 40, time: 3.113, data: 0.097) D_A: 0.178 G_A: 0.440 cycle_A: 1.157 idt_A: 0.460 D_B: 0.273 G_B: 0.317 cycle_B: 1.625 idt_B: 0.476 
End of epoch 102 / 200 	 Time Taken: 152 sec
learning rate 0.0001941 -> 0.0001921
End of epoch 103 / 200 	 Time Taken: 152 sec
learning rate 0.0001921 -> 0.0001901
(epoch: 104, iters: 20, time: 3.114, data: 0.001) D_A: 0.254 G_A: 0.109 cycle_A: 1.216 idt_A: 0.887 D_B: 0.327 G_B: 0.397 cycle_B: 2.212 idt_B: 0.361 
End of epoch 104 / 200 	 Time Taken: 152 sec
learning rate 0.0001901 -> 0.0001881
(epoch: 105, iters: 60, time: 3.112, data: 0.001) D_A: 0.494 G_A: 0.076 cycle_A: 1.307 idt_A: 0.552 D_B: 0.166 G_B: 0.312 cycle_B: 1.258 idt_B: 0.665 
saving the model at the end of epoch 105, iters 6300
End of epoch 105 / 200 	 Time Taken: 152 sec
learning rate 0.0001881 -> 0.0001861
End of epoch 106 / 200 	 Time Taken: 151 sec
learning rate 0.0001861 -> 0.0001842
(epoch: 107, iters: 40, time: 3.833, data: 0.112) D_A: 0.219 G_A: 0.387 cycle_A: 1.337 idt_A: 0.583 D_B: 0.136 G_B: 0.286 cycle_B: 1.238 idt_B: 0.738 
End of epoch 107 / 200 	 Time Taken: 152 sec
learning rate 0.0001842 -> 0.0001822
End of epoch 108 / 200 	 Time Taken: 152 sec
learning rate 0.0001822 -> 0.0001802
(epoch: 109, iters: 20, time: 3.112, data: 0.001) D_A: 0.187 G_A: 0.886 cycle_A: 1.821 idt_A: 0.525 D_B: 0.149 G_B: 0.252 cycle_B: 1.184 idt_B: 0.995 
End of epoch 109 / 200 	 Time Taken: 152 sec
learning rate 0.0001802 -> 0.0001782
(epoch: 110, iters: 60, time: 3.120, data: 0.002) D_A: 0.116 G_A: 0.561 cycle_A: 1.486 idt_A: 0.394 D_B: 0.218 G_B: 0.482 cycle_B: 1.178 idt_B: 0.630 
saving the model at the end of epoch 110, iters 6600
End of epoch 110 / 200 	 Time Taken: 153 sec
learning rate 0.0001782 -> 0.0001762
End of epoch 111 / 200 	 Time Taken: 151 sec
learning rate 0.0001762 -> 0.0001743
(epoch: 112, iters: 40, time: 3.116, data: 0.091) D_A: 0.202 G_A: 0.440 cycle_A: 0.976 idt_A: 0.376 D_B: 0.240 G_B: 0.517 cycle_B: 0.962 idt_B: 0.452 
End of epoch 112 / 200 	 Time Taken: 152 sec
learning rate 0.0001743 -> 0.0001723
End of epoch 113 / 200 	 Time Taken: 152 sec
learning rate 0.0001723 -> 0.0001703
(epoch: 114, iters: 20, time: 3.943, data: 0.001) D_A: 0.233 G_A: 0.243 cycle_A: 0.720 idt_A: 0.585 D_B: 0.251 G_B: 0.190 cycle_B: 1.073 idt_B: 0.317 
End of epoch 114 / 200 	 Time Taken: 152 sec
learning rate 0.0001703 -> 0.0001683
(epoch: 115, iters: 60, time: 3.119, data: 0.002) D_A: 0.330 G_A: 0.207 cycle_A: 0.917 idt_A: 0.549 D_B: 0.182 G_B: 0.391 cycle_B: 1.247 idt_B: 0.309 
saving the model at the end of epoch 115, iters 6900
End of epoch 115 / 200 	 Time Taken: 153 sec
learning rate 0.0001683 -> 0.0001663
End of epoch 116 / 200 	 Time Taken: 151 sec
learning rate 0.0001663 -> 0.0001644
(epoch: 117, iters: 40, time: 3.115, data: 0.098) D_A: 0.222 G_A: 0.276 cycle_A: 0.801 idt_A: 0.435 D_B: 0.284 G_B: 0.347 cycle_B: 1.108 idt_B: 0.236 
End of epoch 117 / 200 	 Time Taken: 152 sec
learning rate 0.0001644 -> 0.0001624
End of epoch 118 / 200 	 Time Taken: 156 sec
learning rate 0.0001624 -> 0.0001604
(epoch: 119, iters: 20, time: 3.111, data: 0.002) D_A: 0.225 G_A: 0.573 cycle_A: 0.895 idt_A: 0.451 D_B: 0.269 G_B: 0.214 cycle_B: 0.987 idt_B: 0.467 
End of epoch 119 / 200 	 Time Taken: 151 sec
learning rate 0.0001604 -> 0.0001584
(epoch: 120, iters: 60, time: 3.915, data: 0.002) D_A: 0.300 G_A: 0.162 cycle_A: 1.090 idt_A: 0.587 D_B: 0.268 G_B: 0.573 cycle_B: 1.413 idt_B: 0.389 
saving the model at the end of epoch 120, iters 7200
End of epoch 120 / 200 	 Time Taken: 153 sec
learning rate 0.0001584 -> 0.0001564
End of epoch 121 / 200 	 Time Taken: 151 sec
learning rate 0.0001564 -> 0.0001545
(epoch: 122, iters: 40, time: 3.110, data: 0.102) D_A: 0.168 G_A: 0.507 cycle_A: 1.023 idt_A: 0.341 D_B: 0.200 G_B: 0.431 cycle_B: 0.702 idt_B: 0.479 
End of epoch 122 / 200 	 Time Taken: 152 sec
learning rate 0.0001545 -> 0.0001525
End of epoch 123 / 200 	 Time Taken: 151 sec
learning rate 0.0001525 -> 0.0001505
(epoch: 124, iters: 20, time: 3.109, data: 0.002) D_A: 0.150 G_A: 0.298 cycle_A: 0.781 idt_A: 0.395 D_B: 0.210 G_B: 1.114 cycle_B: 0.929 idt_B: 0.383 
End of epoch 124 / 200 	 Time Taken: 151 sec
learning rate 0.0001505 -> 0.0001485
(epoch: 125, iters: 60, time: 3.117, data: 0.002) D_A: 0.116 G_A: 0.097 cycle_A: 0.900 idt_A: 0.380 D_B: 0.362 G_B: 0.585 cycle_B: 0.865 idt_B: 0.482 
saving the model at the end of epoch 125, iters 7500
End of epoch 125 / 200 	 Time Taken: 152 sec
learning rate 0.0001485 -> 0.0001465
End of epoch 126 / 200 	 Time Taken: 151 sec
learning rate 0.0001465 -> 0.0001446
(epoch: 127, iters: 40, time: 3.940, data: 0.142) D_A: 0.217 G_A: 0.412 cycle_A: 0.961 idt_A: 0.328 D_B: 0.192 G_B: 0.505 cycle_B: 0.666 idt_B: 0.411 
End of epoch 127 / 200 	 Time Taken: 152 sec
learning rate 0.0001446 -> 0.0001426
End of epoch 128 / 200 	 Time Taken: 152 sec
learning rate 0.0001426 -> 0.0001406
(epoch: 129, iters: 20, time: 3.109, data: 0.002) D_A: 0.157 G_A: 0.202 cycle_A: 0.679 idt_A: 0.428 D_B: 0.184 G_B: 0.590 cycle_B: 0.965 idt_B: 0.303 
End of epoch 129 / 200 	 Time Taken: 151 sec
learning rate 0.0001406 -> 0.0001386
(epoch: 130, iters: 60, time: 3.112, data: 0.002) D_A: 0.168 G_A: 0.446 cycle_A: 1.153 idt_A: 0.488 D_B: 0.082 G_B: 0.219 cycle_B: 1.186 idt_B: 0.523 
saving the model at the end of epoch 130, iters 7800
End of epoch 130 / 200 	 Time Taken: 152 sec
learning rate 0.0001386 -> 0.0001366
End of epoch 131 / 200 	 Time Taken: 151 sec
learning rate 0.0001366 -> 0.0001347
(epoch: 132, iters: 40, time: 3.110, data: 0.108) D_A: 0.256 G_A: 0.293 cycle_A: 0.816 idt_A: 0.418 D_B: 0.277 G_B: 0.415 cycle_B: 0.799 idt_B: 0.330 
End of epoch 132 / 200 	 Time Taken: 151 sec
learning rate 0.0001347 -> 0.0001327
End of epoch 133 / 200 	 Time Taken: 151 sec
learning rate 0.0001327 -> 0.0001307
(epoch: 134, iters: 20, time: 3.888, data: 0.001) D_A: 0.185 G_A: 0.553 cycle_A: 0.638 idt_A: 0.579 D_B: 0.092 G_B: 0.293 cycle_B: 1.072 idt_B: 0.239 
End of epoch 134 / 200 	 Time Taken: 152 sec
learning rate 0.0001307 -> 0.0001287
(epoch: 135, iters: 60, time: 3.110, data: 0.001) D_A: 0.190 G_A: 0.614 cycle_A: 0.646 idt_A: 0.556 D_B: 0.115 G_B: 0.266 cycle_B: 1.127 idt_B: 0.271 
saving the model at the end of epoch 135, iters 8100
End of epoch 135 / 200 	 Time Taken: 152 sec
learning rate 0.0001287 -> 0.0001267
End of epoch 136 / 200 	 Time Taken: 151 sec
learning rate 0.0001267 -> 0.0001248
(epoch: 137, iters: 40, time: 3.113, data: 0.108) D_A: 0.133 G_A: 0.512 cycle_A: 0.637 idt_A: 0.951 D_B: 0.077 G_B: 0.748 cycle_B: 1.947 idt_B: 0.247 
End of epoch 137 / 200 	 Time Taken: 152 sec
learning rate 0.0001248 -> 0.0001228
End of epoch 138 / 200 	 Time Taken: 152 sec
learning rate 0.0001228 -> 0.0001208
(epoch: 139, iters: 20, time: 3.115, data: 0.002) D_A: 0.322 G_A: 0.209 cycle_A: 0.992 idt_A: 0.519 D_B: 0.193 G_B: 0.496 cycle_B: 1.058 idt_B: 0.446 
End of epoch 139 / 200 	 Time Taken: 152 sec
learning rate 0.0001208 -> 0.0001188
(epoch: 140, iters: 60, time: 4.021, data: 0.002) D_A: 0.185 G_A: 0.415 cycle_A: 0.791 idt_A: 0.354 D_B: 0.179 G_B: 0.382 cycle_B: 0.923 idt_B: 0.379 
saving the model at the end of epoch 140, iters 8400
End of epoch 140 / 200 	 Time Taken: 153 sec
learning rate 0.0001188 -> 0.0001168
End of epoch 141 / 200 	 Time Taken: 151 sec
learning rate 0.0001168 -> 0.0001149
(epoch: 142, iters: 40, time: 3.115, data: 0.112) D_A: 0.269 G_A: 0.167 cycle_A: 0.828 idt_A: 0.355 D_B: 0.086 G_B: 0.400 cycle_B: 0.556 idt_B: 0.326 
End of epoch 142 / 200 	 Time Taken: 152 sec
learning rate 0.0001149 -> 0.0001129
End of epoch 143 / 200 	 Time Taken: 152 sec
learning rate 0.0001129 -> 0.0001109
(epoch: 144, iters: 20, time: 3.112, data: 0.001) D_A: 0.091 G_A: 0.615 cycle_A: 0.926 idt_A: 0.308 D_B: 0.259 G_B: 0.345 cycle_B: 0.792 idt_B: 0.420 
End of epoch 144 / 200 	 Time Taken: 152 sec
learning rate 0.0001109 -> 0.0001089
(epoch: 145, iters: 60, time: 3.117, data: 0.002) D_A: 0.133 G_A: 0.219 cycle_A: 0.791 idt_A: 0.421 D_B: 0.405 G_B: 0.333 cycle_B: 0.982 idt_B: 0.429 
saving the model at the end of epoch 145, iters 8700
End of epoch 145 / 200 	 Time Taken: 153 sec
learning rate 0.0001089 -> 0.0001069
End of epoch 146 / 200 	 Time Taken: 151 sec
learning rate 0.0001069 -> 0.0001050
(epoch: 147, iters: 40, time: 3.952, data: 0.108) D_A: 0.375 G_A: 0.301 cycle_A: 0.720 idt_A: 0.309 D_B: 0.294 G_B: 0.307 cycle_B: 0.688 idt_B: 0.493 
End of epoch 147 / 200 	 Time Taken: 152 sec
learning rate 0.0001050 -> 0.0001030
End of epoch 148 / 200 	 Time Taken: 152 sec
learning rate 0.0001030 -> 0.0001010
(epoch: 149, iters: 20, time: 3.112, data: 0.001) D_A: 0.175 G_A: 0.542 cycle_A: 0.650 idt_A: 0.404 D_B: 0.188 G_B: 0.318 cycle_B: 0.717 idt_B: 0.247 
End of epoch 149 / 200 	 Time Taken: 151 sec
learning rate 0.0001010 -> 0.0000990
(epoch: 150, iters: 60, time: 3.113, data: 0.002) D_A: 0.093 G_A: 0.468 cycle_A: 0.684 idt_A: 0.805 D_B: 0.224 G_B: 0.451 cycle_B: 1.648 idt_B: 0.355 
saving the model at the end of epoch 150, iters 9000
End of epoch 150 / 200 	 Time Taken: 152 sec
learning rate 0.0000990 -> 0.0000970
End of epoch 151 / 200 	 Time Taken: 151 sec
learning rate 0.0000970 -> 0.0000950
(epoch: 152, iters: 40, time: 3.111, data: 0.122) D_A: 0.064 G_A: 0.578 cycle_A: 0.542 idt_A: 0.345 D_B: 0.397 G_B: 0.478 cycle_B: 0.817 idt_B: 0.283 
End of epoch 152 / 200 	 Time Taken: 152 sec
learning rate 0.0000950 -> 0.0000931
End of epoch 153 / 200 	 Time Taken: 151 sec
learning rate 0.0000931 -> 0.0000911
(epoch: 154, iters: 20, time: 3.872, data: 0.002) D_A: 0.124 G_A: 0.166 cycle_A: 0.409 idt_A: 0.484 D_B: 0.202 G_B: 0.433 cycle_B: 1.026 idt_B: 0.325 
End of epoch 154 / 200 	 Time Taken: 152 sec
learning rate 0.0000911 -> 0.0000891
(epoch: 155, iters: 60, time: 3.115, data: 0.002) D_A: 0.061 G_A: 1.011 cycle_A: 0.842 idt_A: 0.313 D_B: 0.156 G_B: 0.217 cycle_B: 1.285 idt_B: 0.294 
saving the model at the end of epoch 155, iters 9300
End of epoch 155 / 200 	 Time Taken: 152 sec
learning rate 0.0000891 -> 0.0000871
End of epoch 156 / 200 	 Time Taken: 151 sec
learning rate 0.0000871 -> 0.0000851
(epoch: 157, iters: 40, time: 3.117, data: 0.125) D_A: 0.228 G_A: 0.633 cycle_A: 1.124 idt_A: 0.381 D_B: 0.192 G_B: 1.116 cycle_B: 0.951 idt_B: 0.691 
End of epoch 157 / 200 	 Time Taken: 152 sec
learning rate 0.0000851 -> 0.0000832
End of epoch 158 / 200 	 Time Taken: 152 sec
learning rate 0.0000832 -> 0.0000812
(epoch: 159, iters: 20, time: 3.113, data: 0.001) D_A: 0.200 G_A: 0.308 cycle_A: 1.159 idt_A: 0.352 D_B: 0.174 G_B: 0.498 cycle_B: 0.648 idt_B: 0.514 
End of epoch 159 / 200 	 Time Taken: 152 sec
learning rate 0.0000812 -> 0.0000792
(epoch: 160, iters: 60, time: 3.887, data: 0.002) D_A: 0.210 G_A: 0.315 cycle_A: 0.612 idt_A: 0.474 D_B: 0.266 G_B: 0.136 cycle_B: 0.618 idt_B: 0.304 
saving the model at the end of epoch 160, iters 9600
End of epoch 160 / 200 	 Time Taken: 153 sec
learning rate 0.0000792 -> 0.0000772
End of epoch 161 / 200 	 Time Taken: 151 sec
learning rate 0.0000772 -> 0.0000752
(epoch: 162, iters: 40, time: 3.111, data: 0.099) D_A: 0.082 G_A: 0.429 cycle_A: 0.578 idt_A: 0.676 D_B: 0.080 G_B: 0.841 cycle_B: 1.347 idt_B: 0.379 
End of epoch 162 / 200 	 Time Taken: 152 sec
learning rate 0.0000752 -> 0.0000733
End of epoch 163 / 200 	 Time Taken: 152 sec
learning rate 0.0000733 -> 0.0000713
(epoch: 164, iters: 20, time: 3.112, data: 0.002) D_A: 0.141 G_A: 0.341 cycle_A: 0.802 idt_A: 0.259 D_B: 0.309 G_B: 0.103 cycle_B: 0.487 idt_B: 0.235 
End of epoch 164 / 200 	 Time Taken: 151 sec
learning rate 0.0000713 -> 0.0000693
(epoch: 165, iters: 60, time: 3.113, data: 0.002) D_A: 0.093 G_A: 0.462 cycle_A: 0.804 idt_A: 0.690 D_B: 0.314 G_B: 0.308 cycle_B: 1.332 idt_B: 0.522 
saving the model at the end of epoch 165, iters 9900
End of epoch 165 / 200 	 Time Taken: 152 sec
learning rate 0.0000693 -> 0.0000673
End of epoch 166 / 200 	 Time Taken: 151 sec
learning rate 0.0000673 -> 0.0000653
(epoch: 167, iters: 40, time: 3.857, data: 0.099) D_A: 0.221 G_A: 0.183 cycle_A: 0.503 idt_A: 0.673 D_B: 0.169 G_B: 0.453 cycle_B: 1.642 idt_B: 0.207 
saving the latest model (epoch 167, total_iters 10000)
End of epoch 167 / 200 	 Time Taken: 153 sec
learning rate 0.0000653 -> 0.0000634
End of epoch 168 / 200 	 Time Taken: 152 sec
learning rate 0.0000634 -> 0.0000614
(epoch: 169, iters: 20, time: 3.113, data: 0.002) D_A: 0.195 G_A: 0.608 cycle_A: 0.830 idt_A: 0.329 D_B: 0.156 G_B: 0.403 cycle_B: 0.702 idt_B: 0.302 
End of epoch 169 / 200 	 Time Taken: 152 sec
learning rate 0.0000614 -> 0.0000594
(epoch: 170, iters: 60, time: 3.115, data: 0.002) D_A: 0.224 G_A: 0.519 cycle_A: 1.100 idt_A: 0.386 D_B: 0.080 G_B: 0.432 cycle_B: 0.777 idt_B: 0.477 
saving the model at the end of epoch 170, iters 10200
End of epoch 170 / 200 	 Time Taken: 152 sec
learning rate 0.0000594 -> 0.0000574
End of epoch 171 / 200 	 Time Taken: 151 sec
learning rate 0.0000574 -> 0.0000554
(epoch: 172, iters: 40, time: 3.113, data: 0.103) D_A: 0.231 G_A: 0.490 cycle_A: 0.601 idt_A: 0.370 D_B: 0.096 G_B: 0.387 cycle_B: 0.530 idt_B: 0.289 
End of epoch 172 / 200 	 Time Taken: 152 sec
learning rate 0.0000554 -> 0.0000535
End of epoch 173 / 200 	 Time Taken: 152 sec
learning rate 0.0000535 -> 0.0000515
(epoch: 174, iters: 20, time: 3.903, data: 0.002) D_A: 0.064 G_A: 0.409 cycle_A: 0.810 idt_A: 0.583 D_B: 0.132 G_B: 0.432 cycle_B: 1.245 idt_B: 0.417 
End of epoch 174 / 200 	 Time Taken: 152 sec
learning rate 0.0000515 -> 0.0000495
(epoch: 175, iters: 60, time: 3.113, data: 0.001) D_A: 0.266 G_A: 0.303 cycle_A: 0.887 idt_A: 0.354 D_B: 0.187 G_B: 0.771 cycle_B: 0.940 idt_B: 0.352 
saving the model at the end of epoch 175, iters 10500
End of epoch 175 / 200 	 Time Taken: 152 sec
learning rate 0.0000495 -> 0.0000475
End of epoch 176 / 200 	 Time Taken: 151 sec
learning rate 0.0000475 -> 0.0000455
(epoch: 177, iters: 40, time: 3.116, data: 0.094) D_A: 0.125 G_A: 0.321 cycle_A: 0.657 idt_A: 0.248 D_B: 0.179 G_B: 0.525 cycle_B: 0.621 idt_B: 0.299 
End of epoch 177 / 200 	 Time Taken: 152 sec
learning rate 0.0000455 -> 0.0000436
End of epoch 178 / 200 	 Time Taken: 152 sec
learning rate 0.0000436 -> 0.0000416
(epoch: 179, iters: 20, time: 3.114, data: 0.002) D_A: 0.162 G_A: 0.541 cycle_A: 0.917 idt_A: 0.423 D_B: 0.162 G_B: 0.296 cycle_B: 0.958 idt_B: 0.501 
End of epoch 179 / 200 	 Time Taken: 152 sec
learning rate 0.0000416 -> 0.0000396
(epoch: 180, iters: 60, time: 3.879, data: 0.002) D_A: 0.094 G_A: 0.488 cycle_A: 0.473 idt_A: 0.318 D_B: 0.253 G_B: 0.566 cycle_B: 0.789 idt_B: 0.199 
saving the model at the end of epoch 180, iters 10800
End of epoch 180 / 200 	 Time Taken: 153 sec
learning rate 0.0000396 -> 0.0000376
End of epoch 181 / 200 	 Time Taken: 151 sec
learning rate 0.0000376 -> 0.0000356
(epoch: 182, iters: 40, time: 3.116, data: 0.111) D_A: 0.085 G_A: 0.674 cycle_A: 0.540 idt_A: 0.391 D_B: 0.067 G_B: 0.844 cycle_B: 0.920 idt_B: 0.415 
End of epoch 182 / 200 	 Time Taken: 152 sec
learning rate 0.0000356 -> 0.0000337
End of epoch 183 / 200 	 Time Taken: 152 sec
learning rate 0.0000337 -> 0.0000317
(epoch: 184, iters: 20, time: 3.115, data: 0.001) D_A: 0.092 G_A: 0.443 cycle_A: 0.551 idt_A: 0.282 D_B: 0.112 G_B: 0.489 cycle_B: 0.577 idt_B: 0.245 
End of epoch 184 / 200 	 Time Taken: 152 sec
learning rate 0.0000317 -> 0.0000297
(epoch: 185, iters: 60, time: 3.112, data: 0.002) D_A: 0.228 G_A: 0.612 cycle_A: 0.401 idt_A: 0.359 D_B: 0.257 G_B: 0.513 cycle_B: 0.724 idt_B: 0.233 
saving the model at the end of epoch 185, iters 11100
End of epoch 185 / 200 	 Time Taken: 152 sec
learning rate 0.0000297 -> 0.0000277
End of epoch 186 / 200 	 Time Taken: 151 sec
learning rate 0.0000277 -> 0.0000257
(epoch: 187, iters: 40, time: 4.016, data: 0.102) D_A: 0.082 G_A: 0.407 cycle_A: 0.424 idt_A: 0.341 D_B: 0.171 G_B: 0.563 cycle_B: 0.750 idt_B: 0.208 
End of epoch 187 / 200 	 Time Taken: 152 sec
learning rate 0.0000257 -> 0.0000238
End of epoch 188 / 200 	 Time Taken: 152 sec
learning rate 0.0000238 -> 0.0000218
(epoch: 189, iters: 20, time: 3.113, data: 0.001) D_A: 0.118 G_A: 0.384 cycle_A: 0.598 idt_A: 0.351 D_B: 0.185 G_B: 0.385 cycle_B: 0.785 idt_B: 0.253 
End of epoch 189 / 200 	 Time Taken: 151 sec
learning rate 0.0000218 -> 0.0000198
(epoch: 190, iters: 60, time: 3.111, data: 0.001) D_A: 0.096 G_A: 0.281 cycle_A: 0.534 idt_A: 0.368 D_B: 0.097 G_B: 0.280 cycle_B: 0.831 idt_B: 0.260 
saving the model at the end of epoch 190, iters 11400
End of epoch 190 / 200 	 Time Taken: 152 sec
learning rate 0.0000198 -> 0.0000178
End of epoch 191 / 200 	 Time Taken: 151 sec
learning rate 0.0000178 -> 0.0000158
(epoch: 192, iters: 40, time: 3.112, data: 0.131) D_A: 0.234 G_A: 0.272 cycle_A: 0.485 idt_A: 0.292 D_B: 0.089 G_B: 0.387 cycle_B: 0.554 idt_B: 0.174 
End of epoch 192 / 200 	 Time Taken: 152 sec
learning rate 0.0000158 -> 0.0000139
End of epoch 193 / 200 	 Time Taken: 152 sec
learning rate 0.0000139 -> 0.0000119
(epoch: 194, iters: 20, time: 3.968, data: 0.001) D_A: 0.089 G_A: 0.351 cycle_A: 0.552 idt_A: 0.209 D_B: 0.225 G_B: 0.577 cycle_B: 0.443 idt_B: 0.345 
End of epoch 194 / 200 	 Time Taken: 152 sec
learning rate 0.0000119 -> 0.0000099
(epoch: 195, iters: 60, time: 3.114, data: 0.002) D_A: 0.126 G_A: 0.358 cycle_A: 0.380 idt_A: 0.310 D_B: 0.356 G_B: 0.447 cycle_B: 0.681 idt_B: 0.192 
saving the model at the end of epoch 195, iters 11700
End of epoch 195 / 200 	 Time Taken: 152 sec
learning rate 0.0000099 -> 0.0000079
End of epoch 196 / 200 	 Time Taken: 151 sec
learning rate 0.0000079 -> 0.0000059
(epoch: 197, iters: 40, time: 3.116, data: 0.110) D_A: 0.065 G_A: 0.326 cycle_A: 0.537 idt_A: 0.302 D_B: 0.041 G_B: 0.700 cycle_B: 0.744 idt_B: 0.393 
End of epoch 197 / 200 	 Time Taken: 152 sec
learning rate 0.0000059 -> 0.0000040
End of epoch 198 / 200 	 Time Taken: 152 sec
learning rate 0.0000040 -> 0.0000020
(epoch: 199, iters: 20, time: 3.111, data: 0.002) D_A: 0.190 G_A: 0.845 cycle_A: 0.370 idt_A: 0.504 D_B: 0.183 G_B: 0.397 cycle_B: 1.046 idt_B: 0.191 
End of epoch 199 / 200 	 Time Taken: 152 sec
learning rate 0.0000020 -> 0.0000000
(epoch: 200, iters: 60, time: 3.899, data: 0.002) D_A: 0.154 G_A: 0.435 cycle_A: 0.497 idt_A: 0.338 D_B: 0.142 G_B: 0.644 cycle_B: 0.758 idt_B: 0.246 
saving the model at the end of epoch 200, iters 12000
End of epoch 200 / 200 	 Time Taken: 153 sec
