Setting up a new session...
----------------- Options ---------------
               batch_size: 1                             
                    beta1: 0.5                           
          checkpoints_dir: ./checkpoints                 
           continue_train: False                         
                crop_size: 640                           	[default: 256]
                 dataroot: /home/ycren/python/EVUP_part  	[default: None]
             dataset_mode: unaligned                     
                direction: AtoB                          
              display_env: main                          
             display_freq: 400                           
               display_id: 1                             
            display_ncols: 4                             
             display_port: 8097                          
           display_server: http://localhost              
          display_winsize: 256                           
                    epoch: latest                        
              epoch_count: 1                             
                 gan_mode: lsgan                         
                  gpu_ids: 0                             
                init_gain: 0.02                          
                init_type: normal                        
                 input_nc: 3                             
                  isTrain: True                          	[default: None]
                 lambda_A: 10.0                          
                 lambda_B: 10.0                          
          lambda_identity: 0.5                           
                load_iter: 0                             	[default: 0]
                load_size: 640                           	[default: 286]
                       lr: 0.0002                        
           lr_decay_iters: 50                            
                lr_policy: linear                        
         max_dataset_size: inf                           
                    model: cycle_gan                     
                 n_epochs: 100                           
           n_epochs_decay: 100                           
               n_layers_D: 3                             
                     name: SE_ResNet_blocks_cyclegan     	[default: experiment_name]
                      ndf: 64                            
                     netD: basic                         
                     netG: SE_ResNet_blocks              	[default: resnet_9blocks]
                      ngf: 64                            
               no_dropout: True                          
                  no_flip: False                         
                  no_html: True                          	[default: False]
                     norm: instance                      
              num_threads: 4                             
                output_nc: 3                             
                    phase: train                         
                pool_size: 50                            
               preprocess: resize_and_crop               
               print_freq: 100                           
             save_by_iter: False                         
          save_epoch_freq: 5                             
         save_latest_freq: 5000                          
           serial_batches: False                         
                   suffix:                               
         update_html_freq: 1000                          
                use_wandb: False                         
                  verbose: False                         
       wandb_project_name: CycleGAN-and-pix2pix          
----------------- End -------------------
dataset [UnalignedDataset] was created
The number of training images = 60
initialize network with normal
initialize network with normal
initialize network with normal
initialize network with normal
model [CycleGANModel] was created
---------- Networks initialized -------------
[Network G_A] Total number of parameters : 4.860 M
[Network G_B] Total number of parameters : 4.860 M
[Network D_A] Total number of parameters : 2.765 M
[Network D_B] Total number of parameters : 2.765 M
-----------------------------------------------
learning rate 0.0002000 -> 0.0002000
/home/ycren/miniconda3/envs/pytorch-CycleGAN-and-pix2pix/lib/python3.8/site-packages/torch/optim/lr_scheduler.py:216: UserWarning: Detected call of `lr_scheduler.step()` before `optimizer.step()`. In PyTorch 1.1.0 and later, you should call them in the opposite order: `optimizer.step()` before `lr_scheduler.step()`.  Failure to do this will result in PyTorch skipping the first value of the learning rate schedule. See more details at https://pytorch.org/docs/stable/optim.html#how-to-adjust-learning-rate
  warnings.warn(
End of epoch 1 / 200 	 Time Taken: 141 sec
learning rate 0.0002000 -> 0.0002000
/home/ycren/miniconda3/envs/pytorch-CycleGAN-and-pix2pix/lib/python3.8/site-packages/torch/nn/modules/instancenorm.py:88: UserWarning: input's size at dim=1 does not match num_features. You can silence this warning by not passing in num_features, which is not used because affine=False
  warnings.warn(f"input's size at dim={feature_dim} does not match num_features. "
(epoch: 2, iters: 40, time: 2.827, data: 0.101) D_A: 0.288 G_A: 0.302 cycle_A: 2.232 idt_A: 1.008 D_B: 0.356 G_B: 0.364 cycle_B: 2.214 idt_B: 1.016 
End of epoch 2 / 200 	 Time Taken: 104 sec
learning rate 0.0002000 -> 0.0002000
End of epoch 3 / 200 	 Time Taken: 104 sec
learning rate 0.0002000 -> 0.0002000
(epoch: 4, iters: 20, time: 2.824, data: 0.002) D_A: 0.290 G_A: 0.270 cycle_A: 2.428 idt_A: 1.250 D_B: 0.245 G_B: 0.285 cycle_B: 2.533 idt_B: 1.186 
End of epoch 4 / 200 	 Time Taken: 104 sec
learning rate 0.0002000 -> 0.0002000
(epoch: 5, iters: 60, time: 2.822, data: 0.001) D_A: 0.283 G_A: 0.356 cycle_A: 2.123 idt_A: 1.336 D_B: 0.343 G_B: 0.333 cycle_B: 2.610 idt_B: 1.082 
saving the model at the end of epoch 5, iters 300
End of epoch 5 / 200 	 Time Taken: 105 sec
learning rate 0.0002000 -> 0.0002000
End of epoch 6 / 200 	 Time Taken: 103 sec
learning rate 0.0002000 -> 0.0002000
(epoch: 7, iters: 40, time: 3.453, data: 0.095) D_A: 0.315 G_A: 0.308 cycle_A: 1.836 idt_A: 1.316 D_B: 0.237 G_B: 0.293 cycle_B: 2.944 idt_B: 0.763 
End of epoch 7 / 200 	 Time Taken: 104 sec
learning rate 0.0002000 -> 0.0002000
End of epoch 8 / 200 	 Time Taken: 104 sec
learning rate 0.0002000 -> 0.0002000
(epoch: 9, iters: 20, time: 2.823, data: 0.001) D_A: 0.283 G_A: 0.362 cycle_A: 2.008 idt_A: 1.213 D_B: 0.198 G_B: 0.276 cycle_B: 2.686 idt_B: 0.850 
End of epoch 9 / 200 	 Time Taken: 104 sec
learning rate 0.0002000 -> 0.0002000
(epoch: 10, iters: 60, time: 2.823, data: 0.001) D_A: 0.234 G_A: 0.313 cycle_A: 1.510 idt_A: 1.700 D_B: 0.204 G_B: 0.279 cycle_B: 3.740 idt_B: 0.728 
saving the model at the end of epoch 10, iters 600
End of epoch 10 / 200 	 Time Taken: 105 sec
learning rate 0.0002000 -> 0.0002000
End of epoch 11 / 200 	 Time Taken: 103 sec
learning rate 0.0002000 -> 0.0002000
(epoch: 12, iters: 40, time: 2.826, data: 0.112) D_A: 0.234 G_A: 0.203 cycle_A: 2.128 idt_A: 1.383 D_B: 0.312 G_B: 0.271 cycle_B: 2.651 idt_B: 1.120 
End of epoch 12 / 200 	 Time Taken: 104 sec
learning rate 0.0002000 -> 0.0002000
End of epoch 13 / 200 	 Time Taken: 104 sec
learning rate 0.0002000 -> 0.0002000
(epoch: 14, iters: 20, time: 3.428, data: 0.001) D_A: 0.178 G_A: 0.304 cycle_A: 2.866 idt_A: 1.222 D_B: 0.323 G_B: 0.260 cycle_B: 2.638 idt_B: 1.329 
End of epoch 14 / 200 	 Time Taken: 104 sec
learning rate 0.0002000 -> 0.0002000
(epoch: 15, iters: 60, time: 2.825, data: 0.001) D_A: 0.196 G_A: 0.327 cycle_A: 1.315 idt_A: 0.618 D_B: 0.325 G_B: 0.222 cycle_B: 1.147 idt_B: 0.658 
saving the model at the end of epoch 15, iters 900
End of epoch 15 / 200 	 Time Taken: 105 sec
learning rate 0.0002000 -> 0.0002000
End of epoch 16 / 200 	 Time Taken: 103 sec
learning rate 0.0002000 -> 0.0002000
(epoch: 17, iters: 40, time: 2.821, data: 0.088) D_A: 0.322 G_A: 0.363 cycle_A: 2.604 idt_A: 2.101 D_B: 0.252 G_B: 0.194 cycle_B: 4.127 idt_B: 1.242 
End of epoch 17 / 200 	 Time Taken: 104 sec
learning rate 0.0002000 -> 0.0002000
End of epoch 18 / 200 	 Time Taken: 104 sec
learning rate 0.0002000 -> 0.0002000
(epoch: 19, iters: 20, time: 2.825, data: 0.002) D_A: 0.214 G_A: 0.266 cycle_A: 2.099 idt_A: 0.953 D_B: 0.335 G_B: 0.157 cycle_B: 1.935 idt_B: 0.688 
End of epoch 19 / 200 	 Time Taken: 104 sec
learning rate 0.0002000 -> 0.0002000
(epoch: 20, iters: 60, time: 3.442, data: 0.002) D_A: 0.219 G_A: 0.305 cycle_A: 2.206 idt_A: 1.209 D_B: 0.294 G_B: 0.457 cycle_B: 2.691 idt_B: 1.113 
saving the model at the end of epoch 20, iters 1200
End of epoch 20 / 200 	 Time Taken: 106 sec
learning rate 0.0002000 -> 0.0002000
End of epoch 21 / 200 	 Time Taken: 103 sec
learning rate 0.0002000 -> 0.0002000
(epoch: 22, iters: 40, time: 2.824, data: 0.089) D_A: 0.255 G_A: 0.248 cycle_A: 2.353 idt_A: 0.938 D_B: 0.263 G_B: 0.371 cycle_B: 1.613 idt_B: 1.175 
End of epoch 22 / 200 	 Time Taken: 104 sec
learning rate 0.0002000 -> 0.0002000
End of epoch 23 / 200 	 Time Taken: 104 sec
learning rate 0.0002000 -> 0.0002000
(epoch: 24, iters: 20, time: 2.827, data: 0.002) D_A: 0.267 G_A: 0.195 cycle_A: 1.608 idt_A: 1.231 D_B: 0.195 G_B: 0.324 cycle_B: 2.690 idt_B: 0.723 
End of epoch 24 / 200 	 Time Taken: 104 sec
learning rate 0.0002000 -> 0.0002000
(epoch: 25, iters: 60, time: 2.822, data: 0.002) D_A: 0.317 G_A: 0.228 cycle_A: 1.472 idt_A: 1.069 D_B: 0.271 G_B: 0.294 cycle_B: 2.387 idt_B: 0.670 
saving the model at the end of epoch 25, iters 1500
End of epoch 25 / 200 	 Time Taken: 105 sec
learning rate 0.0002000 -> 0.0002000
End of epoch 26 / 200 	 Time Taken: 103 sec
learning rate 0.0002000 -> 0.0002000
(epoch: 27, iters: 40, time: 3.423, data: 0.136) D_A: 0.188 G_A: 0.463 cycle_A: 1.965 idt_A: 1.900 D_B: 0.417 G_B: 0.245 cycle_B: 3.876 idt_B: 0.914 
End of epoch 27 / 200 	 Time Taken: 104 sec
learning rate 0.0002000 -> 0.0002000
End of epoch 28 / 200 	 Time Taken: 104 sec
learning rate 0.0002000 -> 0.0002000
(epoch: 29, iters: 20, time: 2.824, data: 0.002) D_A: 0.187 G_A: 0.369 cycle_A: 2.215 idt_A: 1.137 D_B: 0.114 G_B: 0.261 cycle_B: 2.648 idt_B: 0.816 
End of epoch 29 / 200 	 Time Taken: 104 sec
learning rate 0.0002000 -> 0.0002000
(epoch: 30, iters: 60, time: 2.826, data: 0.002) D_A: 0.238 G_A: 0.358 cycle_A: 1.854 idt_A: 0.831 D_B: 0.209 G_B: 0.185 cycle_B: 2.110 idt_B: 0.734 
saving the model at the end of epoch 30, iters 1800
End of epoch 30 / 200 	 Time Taken: 105 sec
learning rate 0.0002000 -> 0.0002000
End of epoch 31 / 200 	 Time Taken: 103 sec
learning rate 0.0002000 -> 0.0002000
(epoch: 32, iters: 40, time: 2.823, data: 0.109) D_A: 0.461 G_A: 0.399 cycle_A: 2.651 idt_A: 0.626 D_B: 0.169 G_B: 0.359 cycle_B: 1.582 idt_B: 1.203 
End of epoch 32 / 200 	 Time Taken: 104 sec
learning rate 0.0002000 -> 0.0002000
End of epoch 33 / 200 	 Time Taken: 104 sec
learning rate 0.0002000 -> 0.0002000
(epoch: 34, iters: 20, time: 3.460, data: 0.002) D_A: 0.280 G_A: 0.808 cycle_A: 1.521 idt_A: 0.650 D_B: 0.254 G_B: 0.288 cycle_B: 1.571 idt_B: 0.608 
End of epoch 34 / 200 	 Time Taken: 104 sec
learning rate 0.0002000 -> 0.0002000
(epoch: 35, iters: 60, time: 2.826, data: 0.002) D_A: 0.309 G_A: 1.077 cycle_A: 3.265 idt_A: 0.660 D_B: 0.231 G_B: 0.348 cycle_B: 1.230 idt_B: 1.609 
saving the model at the end of epoch 35, iters 2100
End of epoch 35 / 200 	 Time Taken: 105 sec
learning rate 0.0002000 -> 0.0002000
End of epoch 36 / 200 	 Time Taken: 103 sec
learning rate 0.0002000 -> 0.0002000
(epoch: 37, iters: 40, time: 2.822, data: 0.098) D_A: 0.357 G_A: 0.515 cycle_A: 2.022 idt_A: 0.688 D_B: 0.632 G_B: 0.431 cycle_B: 2.332 idt_B: 0.908 
End of epoch 37 / 200 	 Time Taken: 104 sec
learning rate 0.0002000 -> 0.0002000
End of epoch 38 / 200 	 Time Taken: 104 sec
learning rate 0.0002000 -> 0.0002000
(epoch: 39, iters: 20, time: 2.825, data: 0.002) D_A: 0.325 G_A: 0.474 cycle_A: 1.098 idt_A: 0.660 D_B: 0.261 G_B: 0.431 cycle_B: 1.344 idt_B: 0.389 
End of epoch 39 / 200 	 Time Taken: 104 sec
learning rate 0.0002000 -> 0.0002000
(epoch: 40, iters: 60, time: 3.464, data: 0.002) D_A: 0.150 G_A: 0.564 cycle_A: 1.658 idt_A: 0.781 D_B: 0.232 G_B: 0.154 cycle_B: 1.552 idt_B: 0.707 
saving the model at the end of epoch 40, iters 2400
End of epoch 40 / 200 	 Time Taken: 106 sec
learning rate 0.0002000 -> 0.0002000
End of epoch 41 / 200 	 Time Taken: 103 sec
learning rate 0.0002000 -> 0.0002000
(epoch: 42, iters: 40, time: 2.820, data: 0.107) D_A: 0.239 G_A: 0.177 cycle_A: 3.094 idt_A: 1.223 D_B: 0.211 G_B: 0.568 cycle_B: 2.631 idt_B: 1.531 
End of epoch 42 / 200 	 Time Taken: 104 sec
learning rate 0.0002000 -> 0.0002000
End of epoch 43 / 200 	 Time Taken: 104 sec
learning rate 0.0002000 -> 0.0002000
(epoch: 44, iters: 20, time: 2.821, data: 0.002) D_A: 0.267 G_A: 0.250 cycle_A: 2.182 idt_A: 0.752 D_B: 0.449 G_B: 0.378 cycle_B: 1.508 idt_B: 0.974 
End of epoch 44 / 200 	 Time Taken: 104 sec
learning rate 0.0002000 -> 0.0002000
(epoch: 45, iters: 60, time: 2.822, data: 0.001) D_A: 0.263 G_A: 0.091 cycle_A: 4.343 idt_A: 0.518 D_B: 0.141 G_B: 0.247 cycle_B: 1.117 idt_B: 2.145 
saving the model at the end of epoch 45, iters 2700
End of epoch 45 / 200 	 Time Taken: 105 sec
learning rate 0.0002000 -> 0.0002000
End of epoch 46 / 200 	 Time Taken: 103 sec
learning rate 0.0002000 -> 0.0002000
(epoch: 47, iters: 40, time: 3.466, data: 0.098) D_A: 0.261 G_A: 0.379 cycle_A: 1.652 idt_A: 0.874 D_B: 0.267 G_B: 0.449 cycle_B: 2.166 idt_B: 0.842 
End of epoch 47 / 200 	 Time Taken: 104 sec
learning rate 0.0002000 -> 0.0002000
End of epoch 48 / 200 	 Time Taken: 104 sec
learning rate 0.0002000 -> 0.0002000
(epoch: 49, iters: 20, time: 2.822, data: 0.001) D_A: 0.245 G_A: 0.689 cycle_A: 3.017 idt_A: 1.052 D_B: 0.272 G_B: 0.268 cycle_B: 2.449 idt_B: 1.132 
End of epoch 49 / 200 	 Time Taken: 104 sec
learning rate 0.0002000 -> 0.0002000
(epoch: 50, iters: 60, time: 2.824, data: 0.001) D_A: 0.307 G_A: 0.342 cycle_A: 3.918 idt_A: 1.013 D_B: 0.414 G_B: 0.478 cycle_B: 2.265 idt_B: 1.855 
saving the model at the end of epoch 50, iters 3000
End of epoch 50 / 200 	 Time Taken: 105 sec
learning rate 0.0002000 -> 0.0002000
End of epoch 51 / 200 	 Time Taken: 103 sec
learning rate 0.0002000 -> 0.0002000
(epoch: 52, iters: 40, time: 2.825, data: 0.113) D_A: 0.272 G_A: 0.311 cycle_A: 1.994 idt_A: 0.977 D_B: 0.264 G_B: 0.207 cycle_B: 1.880 idt_B: 1.057 
End of epoch 52 / 200 	 Time Taken: 104 sec
learning rate 0.0002000 -> 0.0002000
End of epoch 53 / 200 	 Time Taken: 104 sec
learning rate 0.0002000 -> 0.0002000
(epoch: 54, iters: 20, time: 3.456, data: 0.002) D_A: 0.384 G_A: 0.255 cycle_A: 2.508 idt_A: 0.871 D_B: 0.292 G_B: 0.575 cycle_B: 1.658 idt_B: 1.134 
End of epoch 54 / 200 	 Time Taken: 104 sec
learning rate 0.0002000 -> 0.0002000
(epoch: 55, iters: 60, time: 2.824, data: 0.002) D_A: 0.250 G_A: 0.230 cycle_A: 2.467 idt_A: 0.758 D_B: 0.313 G_B: 0.218 cycle_B: 1.328 idt_B: 1.234 
saving the model at the end of epoch 55, iters 3300
End of epoch 55 / 200 	 Time Taken: 105 sec
learning rate 0.0002000 -> 0.0002000
End of epoch 56 / 200 	 Time Taken: 103 sec
learning rate 0.0002000 -> 0.0002000
(epoch: 57, iters: 40, time: 2.824, data: 0.087) D_A: 0.344 G_A: 0.954 cycle_A: 1.772 idt_A: 0.693 D_B: 0.067 G_B: 0.800 cycle_B: 1.573 idt_B: 0.761 
End of epoch 57 / 200 	 Time Taken: 104 sec
learning rate 0.0002000 -> 0.0002000
End of epoch 58 / 200 	 Time Taken: 104 sec
learning rate 0.0002000 -> 0.0002000
(epoch: 59, iters: 20, time: 2.823, data: 0.002) D_A: 0.182 G_A: 0.465 cycle_A: 1.573 idt_A: 0.855 D_B: 0.144 G_B: 0.350 cycle_B: 1.810 idt_B: 0.756 
End of epoch 59 / 200 	 Time Taken: 104 sec
learning rate 0.0002000 -> 0.0002000
(epoch: 60, iters: 60, time: 3.483, data: 0.001) D_A: 0.127 G_A: 0.376 cycle_A: 3.483 idt_A: 0.703 D_B: 0.181 G_B: 0.471 cycle_B: 1.653 idt_B: 1.594 
saving the model at the end of epoch 60, iters 3600
End of epoch 60 / 200 	 Time Taken: 106 sec
learning rate 0.0002000 -> 0.0002000
End of epoch 61 / 200 	 Time Taken: 103 sec
learning rate 0.0002000 -> 0.0002000
(epoch: 62, iters: 40, time: 2.824, data: 0.108) D_A: 0.238 G_A: 0.372 cycle_A: 1.714 idt_A: 0.782 D_B: 0.239 G_B: 0.355 cycle_B: 1.995 idt_B: 0.609 
End of epoch 62 / 200 	 Time Taken: 104 sec
learning rate 0.0002000 -> 0.0002000
End of epoch 63 / 200 	 Time Taken: 104 sec
learning rate 0.0002000 -> 0.0002000
(epoch: 64, iters: 20, time: 2.822, data: 0.002) D_A: 0.109 G_A: 0.301 cycle_A: 1.218 idt_A: 0.776 D_B: 0.237 G_B: 0.735 cycle_B: 1.755 idt_B: 0.629 
End of epoch 64 / 200 	 Time Taken: 104 sec
learning rate 0.0002000 -> 0.0002000
(epoch: 65, iters: 60, time: 2.825, data: 0.001) D_A: 0.119 G_A: 0.184 cycle_A: 1.850 idt_A: 0.620 D_B: 0.221 G_B: 0.643 cycle_B: 1.353 idt_B: 0.689 
saving the model at the end of epoch 65, iters 3900
End of epoch 65 / 200 	 Time Taken: 105 sec
learning rate 0.0002000 -> 0.0002000
End of epoch 66 / 200 	 Time Taken: 103 sec
learning rate 0.0002000 -> 0.0002000
(epoch: 67, iters: 40, time: 3.460, data: 0.105) D_A: 0.130 G_A: 0.348 cycle_A: 1.593 idt_A: 0.788 D_B: 0.129 G_B: 0.192 cycle_B: 2.003 idt_B: 0.742 
End of epoch 67 / 200 	 Time Taken: 104 sec
learning rate 0.0002000 -> 0.0002000
End of epoch 68 / 200 	 Time Taken: 104 sec
learning rate 0.0002000 -> 0.0002000
(epoch: 69, iters: 20, time: 2.823, data: 0.001) D_A: 0.213 G_A: 0.597 cycle_A: 1.553 idt_A: 0.924 D_B: 0.202 G_B: 0.498 cycle_B: 2.080 idt_B: 0.904 
End of epoch 69 / 200 	 Time Taken: 104 sec
learning rate 0.0002000 -> 0.0002000
(epoch: 70, iters: 60, time: 2.822, data: 0.002) D_A: 0.315 G_A: 0.965 cycle_A: 1.735 idt_A: 0.454 D_B: 0.162 G_B: 0.233 cycle_B: 1.192 idt_B: 0.931 
saving the model at the end of epoch 70, iters 4200
End of epoch 70 / 200 	 Time Taken: 105 sec
learning rate 0.0002000 -> 0.0002000
End of epoch 71 / 200 	 Time Taken: 103 sec
learning rate 0.0002000 -> 0.0002000
(epoch: 72, iters: 40, time: 2.824, data: 0.113) D_A: 0.143 G_A: 0.321 cycle_A: 1.275 idt_A: 0.579 D_B: 0.236 G_B: 0.430 cycle_B: 1.227 idt_B: 0.600 
End of epoch 72 / 200 	 Time Taken: 104 sec
learning rate 0.0002000 -> 0.0002000
End of epoch 73 / 200 	 Time Taken: 104 sec
learning rate 0.0002000 -> 0.0002000
(epoch: 74, iters: 20, time: 3.470, data: 0.002) D_A: 0.342 G_A: 0.381 cycle_A: 2.087 idt_A: 1.325 D_B: 0.350 G_B: 0.077 cycle_B: 2.538 idt_B: 0.612 
End of epoch 74 / 200 	 Time Taken: 104 sec
learning rate 0.0002000 -> 0.0002000
(epoch: 75, iters: 60, time: 2.822, data: 0.002) D_A: 0.179 G_A: 0.240 cycle_A: 1.698 idt_A: 1.273 D_B: 0.149 G_B: 0.685 cycle_B: 2.749 idt_B: 0.764 
saving the model at the end of epoch 75, iters 4500
End of epoch 75 / 200 	 Time Taken: 105 sec
learning rate 0.0002000 -> 0.0002000
End of epoch 76 / 200 	 Time Taken: 103 sec
learning rate 0.0002000 -> 0.0002000
(epoch: 77, iters: 40, time: 2.825, data: 0.095) D_A: 0.315 G_A: 0.088 cycle_A: 1.703 idt_A: 0.706 D_B: 0.206 G_B: 0.645 cycle_B: 1.569 idt_B: 0.976 
End of epoch 77 / 200 	 Time Taken: 104 sec
learning rate 0.0002000 -> 0.0002000
End of epoch 78 / 200 	 Time Taken: 104 sec
learning rate 0.0002000 -> 0.0002000
(epoch: 79, iters: 20, time: 2.822, data: 0.002) D_A: 0.252 G_A: 0.745 cycle_A: 1.586 idt_A: 0.519 D_B: 0.171 G_B: 0.177 cycle_B: 1.087 idt_B: 0.836 
End of epoch 79 / 200 	 Time Taken: 104 sec
learning rate 0.0002000 -> 0.0002000
(epoch: 80, iters: 60, time: 3.514, data: 0.002) D_A: 0.252 G_A: 0.537 cycle_A: 1.144 idt_A: 0.643 D_B: 0.219 G_B: 0.688 cycle_B: 1.868 idt_B: 0.536 
saving the model at the end of epoch 80, iters 4800
End of epoch 80 / 200 	 Time Taken: 106 sec
learning rate 0.0002000 -> 0.0002000
End of epoch 81 / 200 	 Time Taken: 103 sec
learning rate 0.0002000 -> 0.0002000
(epoch: 82, iters: 40, time: 2.824, data: 0.087) D_A: 0.154 G_A: 0.257 cycle_A: 1.905 idt_A: 0.647 D_B: 0.223 G_B: 0.241 cycle_B: 1.314 idt_B: 0.429 
End of epoch 82 / 200 	 Time Taken: 104 sec
learning rate 0.0002000 -> 0.0002000
End of epoch 83 / 200 	 Time Taken: 104 sec
learning rate 0.0002000 -> 0.0002000
(epoch: 84, iters: 20, time: 2.824, data: 0.001) D_A: 0.131 G_A: 0.427 cycle_A: 1.917 idt_A: 0.983 D_B: 0.230 G_B: 0.605 cycle_B: 1.875 idt_B: 0.986 
saving the latest model (epoch 84, total_iters 5000)
End of epoch 84 / 200 	 Time Taken: 104 sec
learning rate 0.0002000 -> 0.0002000
(epoch: 85, iters: 60, time: 2.824, data: 0.001) D_A: 0.270 G_A: 0.591 cycle_A: 2.367 idt_A: 0.959 D_B: 0.205 G_B: 0.384 cycle_B: 1.462 idt_B: 0.924 
saving the model at the end of epoch 85, iters 5100
End of epoch 85 / 200 	 Time Taken: 105 sec
learning rate 0.0002000 -> 0.0002000
End of epoch 86 / 200 	 Time Taken: 103 sec
learning rate 0.0002000 -> 0.0002000
(epoch: 87, iters: 40, time: 3.516, data: 0.116) D_A: 0.149 G_A: 0.386 cycle_A: 1.240 idt_A: 1.209 D_B: 0.113 G_B: 0.242 cycle_B: 2.398 idt_B: 0.604 
End of epoch 87 / 200 	 Time Taken: 105 sec
learning rate 0.0002000 -> 0.0002000
End of epoch 88 / 200 	 Time Taken: 104 sec
learning rate 0.0002000 -> 0.0002000
(epoch: 89, iters: 20, time: 2.824, data: 0.001) D_A: 0.104 G_A: 0.437 cycle_A: 2.050 idt_A: 1.238 D_B: 0.251 G_B: 0.453 cycle_B: 2.829 idt_B: 0.915 
End of epoch 89 / 200 	 Time Taken: 104 sec
learning rate 0.0002000 -> 0.0002000
(epoch: 90, iters: 60, time: 2.823, data: 0.002) D_A: 0.176 G_A: 0.511 cycle_A: 1.377 idt_A: 0.671 D_B: 0.351 G_B: 0.505 cycle_B: 1.697 idt_B: 0.579 
saving the model at the end of epoch 90, iters 5400
End of epoch 90 / 200 	 Time Taken: 105 sec
learning rate 0.0002000 -> 0.0002000
End of epoch 91 / 200 	 Time Taken: 103 sec
learning rate 0.0002000 -> 0.0002000
(epoch: 92, iters: 40, time: 2.827, data: 0.097) D_A: 0.135 G_A: 0.641 cycle_A: 1.748 idt_A: 0.712 D_B: 0.262 G_B: 0.231 cycle_B: 1.625 idt_B: 0.780 
End of epoch 92 / 200 	 Time Taken: 104 sec
learning rate 0.0002000 -> 0.0002000
End of epoch 93 / 200 	 Time Taken: 104 sec
learning rate 0.0002000 -> 0.0002000
(epoch: 94, iters: 20, time: 3.444, data: 0.001) D_A: 0.340 G_A: 0.531 cycle_A: 2.401 idt_A: 0.601 D_B: 0.414 G_B: 0.237 cycle_B: 1.682 idt_B: 0.948 
End of epoch 94 / 200 	 Time Taken: 104 sec
learning rate 0.0002000 -> 0.0002000
(epoch: 95, iters: 60, time: 2.822, data: 0.002) D_A: 0.213 G_A: 0.211 cycle_A: 1.402 idt_A: 0.943 D_B: 0.130 G_B: 0.609 cycle_B: 1.970 idt_B: 0.604 
saving the model at the end of epoch 95, iters 5700
End of epoch 95 / 200 	 Time Taken: 105 sec
learning rate 0.0002000 -> 0.0002000
End of epoch 96 / 200 	 Time Taken: 103 sec
learning rate 0.0002000 -> 0.0002000
(epoch: 97, iters: 40, time: 2.824, data: 0.109) D_A: 0.267 G_A: 0.660 cycle_A: 1.605 idt_A: 0.728 D_B: 0.416 G_B: 0.239 cycle_B: 1.611 idt_B: 0.485 
End of epoch 97 / 200 	 Time Taken: 104 sec
learning rate 0.0002000 -> 0.0002000
End of epoch 98 / 200 	 Time Taken: 104 sec
learning rate 0.0002000 -> 0.0002000
(epoch: 99, iters: 20, time: 2.823, data: 0.002) D_A: 0.125 G_A: 0.322 cycle_A: 1.425 idt_A: 1.069 D_B: 0.146 G_B: 0.325 cycle_B: 2.718 idt_B: 0.658 
End of epoch 99 / 200 	 Time Taken: 104 sec
learning rate 0.0002000 -> 0.0001980
(epoch: 100, iters: 60, time: 3.492, data: 0.001) D_A: 0.168 G_A: 0.053 cycle_A: 1.738 idt_A: 0.741 D_B: 0.111 G_B: 0.380 cycle_B: 1.754 idt_B: 0.794 
saving the model at the end of epoch 100, iters 6000
End of epoch 100 / 200 	 Time Taken: 106 sec
learning rate 0.0001980 -> 0.0001960
End of epoch 101 / 200 	 Time Taken: 103 sec
learning rate 0.0001960 -> 0.0001941
(epoch: 102, iters: 40, time: 2.824, data: 0.110) D_A: 0.135 G_A: 0.420 cycle_A: 1.517 idt_A: 0.669 D_B: 0.054 G_B: 0.622 cycle_B: 1.414 idt_B: 0.653 
End of epoch 102 / 200 	 Time Taken: 104 sec
learning rate 0.0001941 -> 0.0001921
End of epoch 103 / 200 	 Time Taken: 104 sec
learning rate 0.0001921 -> 0.0001901
(epoch: 104, iters: 20, time: 2.822, data: 0.001) D_A: 0.182 G_A: 0.794 cycle_A: 1.281 idt_A: 0.711 D_B: 0.300 G_B: 0.320 cycle_B: 1.478 idt_B: 0.759 
End of epoch 104 / 200 	 Time Taken: 104 sec
learning rate 0.0001901 -> 0.0001881
(epoch: 105, iters: 60, time: 2.826, data: 0.001) D_A: 0.263 G_A: 0.912 cycle_A: 1.375 idt_A: 1.701 D_B: 0.056 G_B: 0.376 cycle_B: 2.410 idt_B: 0.469 
saving the model at the end of epoch 105, iters 6300
End of epoch 105 / 200 	 Time Taken: 105 sec
learning rate 0.0001881 -> 0.0001861
End of epoch 106 / 200 	 Time Taken: 103 sec
learning rate 0.0001861 -> 0.0001842
(epoch: 107, iters: 40, time: 3.464, data: 0.092) D_A: 0.109 G_A: 0.421 cycle_A: 1.286 idt_A: 0.894 D_B: 0.158 G_B: 0.440 cycle_B: 1.727 idt_B: 0.452 
End of epoch 107 / 200 	 Time Taken: 104 sec
learning rate 0.0001842 -> 0.0001822
End of epoch 108 / 200 	 Time Taken: 104 sec
learning rate 0.0001822 -> 0.0001802
(epoch: 109, iters: 20, time: 2.824, data: 0.001) D_A: 0.313 G_A: 0.453 cycle_A: 2.226 idt_A: 0.607 D_B: 0.035 G_B: 0.747 cycle_B: 1.209 idt_B: 1.150 
End of epoch 109 / 200 	 Time Taken: 104 sec
learning rate 0.0001802 -> 0.0001782
(epoch: 110, iters: 60, time: 2.822, data: 0.001) D_A: 0.124 G_A: 0.572 cycle_A: 1.325 idt_A: 0.842 D_B: 0.246 G_B: 0.361 cycle_B: 1.770 idt_B: 0.538 
saving the model at the end of epoch 110, iters 6600
End of epoch 110 / 200 	 Time Taken: 105 sec
learning rate 0.0001782 -> 0.0001762
End of epoch 111 / 200 	 Time Taken: 103 sec
learning rate 0.0001762 -> 0.0001743
(epoch: 112, iters: 40, time: 2.827, data: 0.127) D_A: 0.426 G_A: 0.055 cycle_A: 2.668 idt_A: 0.613 D_B: 0.133 G_B: 1.022 cycle_B: 1.500 idt_B: 1.095 
End of epoch 112 / 200 	 Time Taken: 104 sec
learning rate 0.0001743 -> 0.0001723
End of epoch 113 / 200 	 Time Taken: 104 sec
learning rate 0.0001723 -> 0.0001703
(epoch: 114, iters: 20, time: 3.488, data: 0.002) D_A: 0.124 G_A: 0.246 cycle_A: 1.008 idt_A: 0.587 D_B: 0.191 G_B: 0.142 cycle_B: 1.507 idt_B: 0.324 
End of epoch 114 / 200 	 Time Taken: 105 sec
learning rate 0.0001703 -> 0.0001683
(epoch: 115, iters: 60, time: 2.826, data: 0.001) D_A: 0.197 G_A: 0.242 cycle_A: 1.062 idt_A: 0.718 D_B: 0.151 G_B: 0.420 cycle_B: 1.859 idt_B: 0.511 
saving the model at the end of epoch 115, iters 6900
End of epoch 115 / 200 	 Time Taken: 105 sec
learning rate 0.0001683 -> 0.0001663
End of epoch 116 / 200 	 Time Taken: 103 sec
learning rate 0.0001663 -> 0.0001644
(epoch: 117, iters: 40, time: 2.823, data: 0.097) D_A: 0.068 G_A: 0.452 cycle_A: 1.061 idt_A: 0.454 D_B: 0.104 G_B: 0.383 cycle_B: 0.793 idt_B: 0.567 
End of epoch 117 / 200 	 Time Taken: 104 sec
learning rate 0.0001644 -> 0.0001624
End of epoch 118 / 200 	 Time Taken: 104 sec
learning rate 0.0001624 -> 0.0001604
(epoch: 119, iters: 20, time: 2.822, data: 0.001) D_A: 0.204 G_A: 0.197 cycle_A: 2.304 idt_A: 0.689 D_B: 0.164 G_B: 0.652 cycle_B: 1.361 idt_B: 1.124 
End of epoch 119 / 200 	 Time Taken: 104 sec
learning rate 0.0001604 -> 0.0001584
(epoch: 120, iters: 60, time: 3.499, data: 0.002) D_A: 0.180 G_A: 0.110 cycle_A: 1.354 idt_A: 0.703 D_B: 0.153 G_B: 0.226 cycle_B: 1.498 idt_B: 0.516 
saving the model at the end of epoch 120, iters 7200
End of epoch 120 / 200 	 Time Taken: 106 sec
learning rate 0.0001584 -> 0.0001564
End of epoch 121 / 200 	 Time Taken: 103 sec
learning rate 0.0001564 -> 0.0001545
(epoch: 122, iters: 40, time: 2.824, data: 0.132) D_A: 0.147 G_A: 0.263 cycle_A: 1.821 idt_A: 0.791 D_B: 0.069 G_B: 0.346 cycle_B: 1.628 idt_B: 0.657 
End of epoch 122 / 200 	 Time Taken: 104 sec
learning rate 0.0001545 -> 0.0001525
End of epoch 123 / 200 	 Time Taken: 104 sec
learning rate 0.0001525 -> 0.0001505
(epoch: 124, iters: 20, time: 2.824, data: 0.002) D_A: 0.224 G_A: 0.296 cycle_A: 1.691 idt_A: 0.581 D_B: 0.157 G_B: 0.100 cycle_B: 1.072 idt_B: 0.848 
End of epoch 124 / 200 	 Time Taken: 104 sec
learning rate 0.0001505 -> 0.0001485
(epoch: 125, iters: 60, time: 2.824, data: 0.002) D_A: 0.213 G_A: 0.558 cycle_A: 1.377 idt_A: 0.782 D_B: 0.440 G_B: 0.392 cycle_B: 1.472 idt_B: 0.487 
saving the model at the end of epoch 125, iters 7500
End of epoch 125 / 200 	 Time Taken: 105 sec
learning rate 0.0001485 -> 0.0001465
End of epoch 126 / 200 	 Time Taken: 103 sec
learning rate 0.0001465 -> 0.0001446
(epoch: 127, iters: 40, time: 3.408, data: 0.106) D_A: 0.237 G_A: 0.328 cycle_A: 1.650 idt_A: 0.907 D_B: 0.415 G_B: 0.480 cycle_B: 1.617 idt_B: 0.811 
End of epoch 127 / 200 	 Time Taken: 104 sec
learning rate 0.0001446 -> 0.0001426
End of epoch 128 / 200 	 Time Taken: 104 sec
learning rate 0.0001426 -> 0.0001406
(epoch: 129, iters: 20, time: 2.823, data: 0.001) D_A: 0.137 G_A: 0.393 cycle_A: 1.340 idt_A: 0.533 D_B: 0.208 G_B: 0.139 cycle_B: 1.437 idt_B: 0.529 
End of epoch 129 / 200 	 Time Taken: 104 sec
learning rate 0.0001406 -> 0.0001386
(epoch: 130, iters: 60, time: 2.822, data: 0.002) D_A: 0.224 G_A: 0.409 cycle_A: 1.501 idt_A: 1.500 D_B: 0.107 G_B: 0.527 cycle_B: 3.008 idt_B: 0.485 
saving the model at the end of epoch 130, iters 7800
End of epoch 130 / 200 	 Time Taken: 105 sec
learning rate 0.0001386 -> 0.0001366
End of epoch 131 / 200 	 Time Taken: 103 sec
learning rate 0.0001366 -> 0.0001347
(epoch: 132, iters: 40, time: 2.821, data: 0.101) D_A: 0.242 G_A: 0.144 cycle_A: 1.284 idt_A: 0.613 D_B: 0.069 G_B: 0.188 cycle_B: 1.121 idt_B: 0.354 
End of epoch 132 / 200 	 Time Taken: 104 sec
learning rate 0.0001347 -> 0.0001327
End of epoch 133 / 200 	 Time Taken: 104 sec
learning rate 0.0001327 -> 0.0001307
(epoch: 134, iters: 20, time: 3.509, data: 0.002) D_A: 0.068 G_A: 0.155 cycle_A: 1.741 idt_A: 0.918 D_B: 0.355 G_B: 0.056 cycle_B: 1.630 idt_B: 0.721 
End of epoch 134 / 200 	 Time Taken: 105 sec
learning rate 0.0001307 -> 0.0001287
(epoch: 135, iters: 60, time: 2.825, data: 0.002) D_A: 0.105 G_A: 0.890 cycle_A: 1.921 idt_A: 0.979 D_B: 0.055 G_B: 0.695 cycle_B: 1.878 idt_B: 0.844 
saving the model at the end of epoch 135, iters 8100
End of epoch 135 / 200 	 Time Taken: 105 sec
learning rate 0.0001287 -> 0.0001267
End of epoch 136 / 200 	 Time Taken: 103 sec
learning rate 0.0001267 -> 0.0001248
(epoch: 137, iters: 40, time: 2.824, data: 0.154) D_A: 0.059 G_A: 0.660 cycle_A: 1.564 idt_A: 0.582 D_B: 0.027 G_B: 0.532 cycle_B: 1.232 idt_B: 0.797 
End of epoch 137 / 200 	 Time Taken: 104 sec
learning rate 0.0001248 -> 0.0001228
End of epoch 138 / 200 	 Time Taken: 104 sec
learning rate 0.0001228 -> 0.0001208
(epoch: 139, iters: 20, time: 2.825, data: 0.001) D_A: 0.109 G_A: 0.471 cycle_A: 1.436 idt_A: 0.734 D_B: 0.099 G_B: 0.647 cycle_B: 1.351 idt_B: 0.499 
End of epoch 139 / 200 	 Time Taken: 104 sec
learning rate 0.0001208 -> 0.0001188
(epoch: 140, iters: 60, time: 3.491, data: 0.002) D_A: 0.249 G_A: 0.463 cycle_A: 1.628 idt_A: 0.788 D_B: 0.370 G_B: 0.133 cycle_B: 2.470 idt_B: 0.592 
saving the model at the end of epoch 140, iters 8400
End of epoch 140 / 200 	 Time Taken: 106 sec
learning rate 0.0001188 -> 0.0001168
End of epoch 141 / 200 	 Time Taken: 103 sec
learning rate 0.0001168 -> 0.0001149
(epoch: 142, iters: 40, time: 2.823, data: 0.108) D_A: 0.035 G_A: 0.739 cycle_A: 1.593 idt_A: 0.979 D_B: 0.141 G_B: 0.797 cycle_B: 1.886 idt_B: 0.823 
End of epoch 142 / 200 	 Time Taken: 104 sec
learning rate 0.0001149 -> 0.0001129
End of epoch 143 / 200 	 Time Taken: 104 sec
learning rate 0.0001129 -> 0.0001109
(epoch: 144, iters: 20, time: 2.823, data: 0.001) D_A: 0.102 G_A: 0.403 cycle_A: 0.956 idt_A: 0.771 D_B: 0.084 G_B: 0.713 cycle_B: 1.465 idt_B: 0.419 
End of epoch 144 / 200 	 Time Taken: 104 sec
learning rate 0.0001109 -> 0.0001089
(epoch: 145, iters: 60, time: 2.825, data: 0.002) D_A: 0.218 G_A: 0.810 cycle_A: 0.957 idt_A: 0.619 D_B: 0.170 G_B: 0.332 cycle_B: 1.122 idt_B: 0.472 
saving the model at the end of epoch 145, iters 8700
End of epoch 145 / 200 	 Time Taken: 105 sec
learning rate 0.0001089 -> 0.0001069
End of epoch 146 / 200 	 Time Taken: 103 sec
learning rate 0.0001069 -> 0.0001050
(epoch: 147, iters: 40, time: 3.538, data: 0.100) D_A: 0.385 G_A: 0.615 cycle_A: 1.583 idt_A: 1.124 D_B: 0.121 G_B: 0.373 cycle_B: 1.981 idt_B: 0.810 
End of epoch 147 / 200 	 Time Taken: 105 sec
learning rate 0.0001050 -> 0.0001030
End of epoch 148 / 200 	 Time Taken: 104 sec
learning rate 0.0001030 -> 0.0001010
(epoch: 149, iters: 20, time: 2.824, data: 0.002) D_A: 0.131 G_A: 0.498 cycle_A: 0.964 idt_A: 0.559 D_B: 0.058 G_B: 0.655 cycle_B: 1.241 idt_B: 0.502 
End of epoch 149 / 200 	 Time Taken: 104 sec
learning rate 0.0001010 -> 0.0000990
(epoch: 150, iters: 60, time: 2.824, data: 0.002) D_A: 0.054 G_A: 0.580 cycle_A: 0.836 idt_A: 0.538 D_B: 0.170 G_B: 0.263 cycle_B: 0.901 idt_B: 0.423 
saving the model at the end of epoch 150, iters 9000
End of epoch 150 / 200 	 Time Taken: 105 sec
learning rate 0.0000990 -> 0.0000970
End of epoch 151 / 200 	 Time Taken: 103 sec
learning rate 0.0000970 -> 0.0000950
(epoch: 152, iters: 40, time: 2.822, data: 0.099) D_A: 0.060 G_A: 0.451 cycle_A: 1.060 idt_A: 0.710 D_B: 0.221 G_B: 0.207 cycle_B: 1.599 idt_B: 0.561 
End of epoch 152 / 200 	 Time Taken: 104 sec
learning rate 0.0000950 -> 0.0000931
End of epoch 153 / 200 	 Time Taken: 104 sec
learning rate 0.0000931 -> 0.0000911
(epoch: 154, iters: 20, time: 3.487, data: 0.002) D_A: 0.200 G_A: 0.341 cycle_A: 1.276 idt_A: 0.468 D_B: 0.028 G_B: 0.570 cycle_B: 0.952 idt_B: 0.485 
End of epoch 154 / 200 	 Time Taken: 104 sec
learning rate 0.0000911 -> 0.0000891
(epoch: 155, iters: 60, time: 2.824, data: 0.001) D_A: 0.257 G_A: 0.254 cycle_A: 1.738 idt_A: 0.438 D_B: 0.186 G_B: 0.615 cycle_B: 0.765 idt_B: 0.797 
saving the model at the end of epoch 155, iters 9300
End of epoch 155 / 200 	 Time Taken: 105 sec
learning rate 0.0000891 -> 0.0000871
End of epoch 156 / 200 	 Time Taken: 103 sec
learning rate 0.0000871 -> 0.0000851
(epoch: 157, iters: 40, time: 2.823, data: 0.090) D_A: 0.144 G_A: 0.348 cycle_A: 1.868 idt_A: 0.449 D_B: 0.117 G_B: 0.338 cycle_B: 1.004 idt_B: 0.823 
End of epoch 157 / 200 	 Time Taken: 104 sec
learning rate 0.0000851 -> 0.0000832
End of epoch 158 / 200 	 Time Taken: 104 sec
learning rate 0.0000832 -> 0.0000812
(epoch: 159, iters: 20, time: 2.825, data: 0.002) D_A: 0.203 G_A: 0.451 cycle_A: 1.578 idt_A: 0.690 D_B: 0.040 G_B: 0.613 cycle_B: 1.850 idt_B: 0.846 
End of epoch 159 / 200 	 Time Taken: 104 sec
learning rate 0.0000812 -> 0.0000792
(epoch: 160, iters: 60, time: 3.482, data: 0.002) D_A: 0.089 G_A: 0.390 cycle_A: 1.293 idt_A: 0.741 D_B: 0.277 G_B: 0.651 cycle_B: 1.076 idt_B: 0.738 
saving the model at the end of epoch 160, iters 9600
End of epoch 160 / 200 	 Time Taken: 106 sec
learning rate 0.0000792 -> 0.0000772
End of epoch 161 / 200 	 Time Taken: 103 sec
learning rate 0.0000772 -> 0.0000752
(epoch: 162, iters: 40, time: 2.824, data: 0.098) D_A: 0.332 G_A: 0.269 cycle_A: 1.142 idt_A: 1.298 D_B: 0.331 G_B: 0.319 cycle_B: 1.450 idt_B: 0.636 
End of epoch 162 / 200 	 Time Taken: 104 sec
learning rate 0.0000752 -> 0.0000733
End of epoch 163 / 200 	 Time Taken: 104 sec
learning rate 0.0000733 -> 0.0000713
(epoch: 164, iters: 20, time: 2.826, data: 0.002) D_A: 0.301 G_A: 0.081 cycle_A: 1.120 idt_A: 0.574 D_B: 0.337 G_B: 0.068 cycle_B: 1.358 idt_B: 0.587 
End of epoch 164 / 200 	 Time Taken: 104 sec
learning rate 0.0000713 -> 0.0000693
(epoch: 165, iters: 60, time: 2.825, data: 0.001) D_A: 0.155 G_A: 0.287 cycle_A: 0.839 idt_A: 0.688 D_B: 0.068 G_B: 0.609 cycle_B: 1.299 idt_B: 0.385 
saving the model at the end of epoch 165, iters 9900
End of epoch 165 / 200 	 Time Taken: 105 sec
learning rate 0.0000693 -> 0.0000673
End of epoch 166 / 200 	 Time Taken: 103 sec
learning rate 0.0000673 -> 0.0000653
(epoch: 167, iters: 40, time: 3.416, data: 0.110) D_A: 0.108 G_A: 0.418 cycle_A: 1.156 idt_A: 0.576 D_B: 0.068 G_B: 1.132 cycle_B: 1.349 idt_B: 0.653 
saving the latest model (epoch 167, total_iters 10000)
End of epoch 167 / 200 	 Time Taken: 105 sec
learning rate 0.0000653 -> 0.0000634
End of epoch 168 / 200 	 Time Taken: 104 sec
learning rate 0.0000634 -> 0.0000614
(epoch: 169, iters: 20, time: 2.825, data: 0.001) D_A: 0.161 G_A: 0.839 cycle_A: 0.720 idt_A: 0.649 D_B: 0.053 G_B: 0.226 cycle_B: 1.115 idt_B: 0.280 
End of epoch 169 / 200 	 Time Taken: 104 sec
learning rate 0.0000614 -> 0.0000594
(epoch: 170, iters: 60, time: 2.823, data: 0.002) D_A: 0.097 G_A: 0.411 cycle_A: 0.597 idt_A: 0.638 D_B: 0.258 G_B: 0.390 cycle_B: 1.151 idt_B: 0.255 
saving the model at the end of epoch 170, iters 10200
End of epoch 170 / 200 	 Time Taken: 105 sec
learning rate 0.0000594 -> 0.0000574
End of epoch 171 / 200 	 Time Taken: 103 sec
learning rate 0.0000574 -> 0.0000554
(epoch: 172, iters: 40, time: 2.825, data: 0.092) D_A: 0.139 G_A: 0.318 cycle_A: 1.346 idt_A: 0.452 D_B: 0.047 G_B: 0.189 cycle_B: 0.921 idt_B: 0.667 
End of epoch 172 / 200 	 Time Taken: 104 sec
learning rate 0.0000554 -> 0.0000535
End of epoch 173 / 200 	 Time Taken: 104 sec
learning rate 0.0000535 -> 0.0000515
(epoch: 174, iters: 20, time: 3.447, data: 0.002) D_A: 0.232 G_A: 0.302 cycle_A: 1.192 idt_A: 0.687 D_B: 0.174 G_B: 0.218 cycle_B: 1.612 idt_B: 0.824 
End of epoch 174 / 200 	 Time Taken: 104 sec
learning rate 0.0000515 -> 0.0000495
(epoch: 175, iters: 60, time: 2.828, data: 0.001) D_A: 0.345 G_A: 0.176 cycle_A: 0.832 idt_A: 0.436 D_B: 0.136 G_B: 0.188 cycle_B: 0.929 idt_B: 0.395 
saving the model at the end of epoch 175, iters 10500
End of epoch 175 / 200 	 Time Taken: 105 sec
learning rate 0.0000495 -> 0.0000475
End of epoch 176 / 200 	 Time Taken: 103 sec
learning rate 0.0000475 -> 0.0000455
(epoch: 177, iters: 40, time: 2.822, data: 0.126) D_A: 0.083 G_A: 0.462 cycle_A: 0.655 idt_A: 0.495 D_B: 0.232 G_B: 0.402 cycle_B: 1.090 idt_B: 0.312 
End of epoch 177 / 200 	 Time Taken: 104 sec
learning rate 0.0000455 -> 0.0000436
End of epoch 178 / 200 	 Time Taken: 104 sec
learning rate 0.0000436 -> 0.0000416
(epoch: 179, iters: 20, time: 2.822, data: 0.002) D_A: 0.085 G_A: 0.233 cycle_A: 0.629 idt_A: 0.451 D_B: 0.188 G_B: 0.209 cycle_B: 0.797 idt_B: 0.231 
End of epoch 179 / 200 	 Time Taken: 104 sec
learning rate 0.0000416 -> 0.0000396
(epoch: 180, iters: 60, time: 3.386, data: 0.002) D_A: 0.349 G_A: 0.940 cycle_A: 1.033 idt_A: 0.562 D_B: 0.071 G_B: 0.490 cycle_B: 1.185 idt_B: 0.594 
saving the model at the end of epoch 180, iters 10800
End of epoch 180 / 200 	 Time Taken: 106 sec
learning rate 0.0000396 -> 0.0000376
End of epoch 181 / 200 	 Time Taken: 103 sec
learning rate 0.0000376 -> 0.0000356
(epoch: 182, iters: 40, time: 2.824, data: 0.109) D_A: 0.073 G_A: 0.435 cycle_A: 0.601 idt_A: 0.617 D_B: 0.057 G_B: 0.524 cycle_B: 1.146 idt_B: 0.319 
End of epoch 182 / 200 	 Time Taken: 104 sec
learning rate 0.0000356 -> 0.0000337
End of epoch 183 / 200 	 Time Taken: 104 sec
learning rate 0.0000337 -> 0.0000317
(epoch: 184, iters: 20, time: 2.824, data: 0.001) D_A: 0.128 G_A: 0.334 cycle_A: 0.886 idt_A: 0.399 D_B: 0.139 G_B: 0.705 cycle_B: 0.780 idt_B: 0.449 
End of epoch 184 / 200 	 Time Taken: 104 sec
learning rate 0.0000317 -> 0.0000297
(epoch: 185, iters: 60, time: 2.826, data: 0.002) D_A: 0.027 G_A: 0.498 cycle_A: 0.721 idt_A: 0.627 D_B: 0.201 G_B: 0.643 cycle_B: 1.380 idt_B: 0.413 
saving the model at the end of epoch 185, iters 11100
End of epoch 185 / 200 	 Time Taken: 105 sec
learning rate 0.0000297 -> 0.0000277
End of epoch 186 / 200 	 Time Taken: 103 sec
learning rate 0.0000277 -> 0.0000257
(epoch: 187, iters: 40, time: 3.507, data: 0.133) D_A: 0.031 G_A: 0.786 cycle_A: 0.591 idt_A: 0.357 D_B: 0.134 G_B: 0.792 cycle_B: 0.683 idt_B: 0.335 
End of epoch 187 / 200 	 Time Taken: 105 sec
learning rate 0.0000257 -> 0.0000238
End of epoch 188 / 200 	 Time Taken: 104 sec
learning rate 0.0000238 -> 0.0000218
(epoch: 189, iters: 20, time: 2.824, data: 0.002) D_A: 0.060 G_A: 0.674 cycle_A: 0.521 idt_A: 0.781 D_B: 0.255 G_B: 0.353 cycle_B: 1.099 idt_B: 0.250 
End of epoch 189 / 200 	 Time Taken: 104 sec
learning rate 0.0000218 -> 0.0000198
(epoch: 190, iters: 60, time: 2.823, data: 0.001) D_A: 0.126 G_A: 0.612 cycle_A: 1.103 idt_A: 0.582 D_B: 0.144 G_B: 0.270 cycle_B: 1.241 idt_B: 0.487 
saving the model at the end of epoch 190, iters 11400
End of epoch 190 / 200 	 Time Taken: 105 sec
learning rate 0.0000198 -> 0.0000178
End of epoch 191 / 200 	 Time Taken: 103 sec
learning rate 0.0000178 -> 0.0000158
(epoch: 192, iters: 40, time: 2.824, data: 0.114) D_A: 0.325 G_A: 0.428 cycle_A: 0.987 idt_A: 0.664 D_B: 0.136 G_B: 0.291 cycle_B: 1.272 idt_B: 0.726 
End of epoch 192 / 200 	 Time Taken: 104 sec
learning rate 0.0000158 -> 0.0000139
End of epoch 193 / 200 	 Time Taken: 104 sec
learning rate 0.0000139 -> 0.0000119
(epoch: 194, iters: 20, time: 3.480, data: 0.002) D_A: 0.178 G_A: 0.388 cycle_A: 0.633 idt_A: 0.472 D_B: 0.090 G_B: 0.639 cycle_B: 0.707 idt_B: 0.319 
End of epoch 194 / 200 	 Time Taken: 105 sec
learning rate 0.0000119 -> 0.0000099
(epoch: 195, iters: 60, time: 2.823, data: 0.001) D_A: 0.169 G_A: 0.383 cycle_A: 0.664 idt_A: 0.459 D_B: 0.077 G_B: 0.359 cycle_B: 0.988 idt_B: 0.403 
saving the model at the end of epoch 195, iters 11700
End of epoch 195 / 200 	 Time Taken: 105 sec
learning rate 0.0000099 -> 0.0000079
End of epoch 196 / 200 	 Time Taken: 103 sec
learning rate 0.0000079 -> 0.0000059
(epoch: 197, iters: 40, time: 2.825, data: 0.105) D_A: 0.196 G_A: 0.756 cycle_A: 0.619 idt_A: 0.425 D_B: 0.201 G_B: 0.796 cycle_B: 0.841 idt_B: 0.481 
End of epoch 197 / 200 	 Time Taken: 104 sec
learning rate 0.0000059 -> 0.0000040
End of epoch 198 / 200 	 Time Taken: 104 sec
learning rate 0.0000040 -> 0.0000020
(epoch: 199, iters: 20, time: 2.822, data: 0.002) D_A: 0.049 G_A: 0.385 cycle_A: 0.588 idt_A: 0.377 D_B: 0.080 G_B: 0.460 cycle_B: 0.719 idt_B: 0.353 
End of epoch 199 / 200 	 Time Taken: 104 sec
learning rate 0.0000020 -> 0.0000000
(epoch: 200, iters: 60, time: 3.565, data: 0.002) D_A: 0.045 G_A: 0.924 cycle_A: 0.586 idt_A: 0.361 D_B: 0.145 G_B: 0.629 cycle_B: 0.588 idt_B: 0.242 
saving the model at the end of epoch 200, iters 12000
End of epoch 200 / 200 	 Time Taken: 106 sec
